TN:
SF:src/App.tsx
FN:22,(anonymous_0)
FN:23,(anonymous_1)
FN:24,(anonymous_2)
FN:26,PageLoader
FN:37,App
FNF:5
FNH:0
FNDA:0,(anonymous_0)
FNDA:0,(anonymous_1)
FNDA:0,(anonymous_2)
FNDA:0,PageLoader
FNDA:0,App
DA:22,0
DA:23,0
DA:24,0
DA:27,0
DA:38,0
DA:39,0
DA:41,0
LF:7
LH:0
BRDA:48,0,0,0
BRDA:48,0,1,0
BRF:2
BRH:0
end_of_record
TN:
SF:src/main.tsx
FNF:0
FNH:0
DA:8,0
LF:1
LH:0
BRF:0
BRH:0
end_of_record
TN:
SF:src/components/CodeDiff.tsx
FN:10,getLineClass
FN:17,CodeDiff
FN:18,(anonymous_2)
FN:36,(anonymous_3)
FNF:4
FNH:0
FNDA:0,getLineClass
FNDA:0,CodeDiff
FNDA:0,(anonymous_2)
FNDA:0,(anonymous_3)
DA:11,0
DA:12,0
DA:13,0
DA:14,0
DA:18,0
DA:19,0
DA:20,0
DA:23,0
DA:37,0
LF:9
LH:0
BRDA:11,0,0,0
BRDA:11,0,1,0
BRDA:12,1,0,0
BRDA:12,1,1,0
BRDA:13,2,0,0
BRDA:13,2,1,0
BRDA:19,3,0,0
BRDA:19,3,1,0
BRDA:28,4,0,0
BRDA:28,4,1,0
BRDA:29,5,0,0
BRDA:29,5,1,0
BRDA:32,6,0,0
BRDA:32,6,1,0
BRDA:49,7,0,0
BRDA:49,7,1,0
BRF:16
BRH:0
end_of_record
TN:
SF:src/components/ErrorBoundary.tsx
FN:15,(anonymous_0)
FN:20,(anonymous_1)
FN:24,(anonymous_2)
FN:28,(anonymous_3)
FN:32,(anonymous_4)
FNF:5
FNH:4
FNDA:4,(anonymous_0)
FNDA:3,(anonymous_1)
FNDA:1,(anonymous_2)
FNDA:0,(anonymous_3)
FNDA:5,(anonymous_4)
DA:16,4
DA:17,4
DA:21,2
DA:25,1
DA:28,0
DA:29,0
DA:33,5
DA:34,2
DA:36,2
DA:60,3
LF:10
LH:8
BRDA:33,0,0,2
BRDA:33,0,1,3
BRDA:34,1,0,0
BRDA:34,1,1,2
BRDA:46,2,0,2
BRDA:46,2,1,2
BRF:6
BRH:5
end_of_record
TN:
SF:src/components/MarkdownRenderer.tsx
FN:9,MarkdownRenderer
FN:15,(anonymous_1)
FN:22,(anonymous_2)
FN:39,(anonymous_3)
FN:42,(anonymous_4)
FN:45,(anonymous_5)
FN:48,(anonymous_6)
FN:51,(anonymous_7)
FN:54,(anonymous_8)
FN:57,(anonymous_9)
FN:60,(anonymous_10)
FN:63,(anonymous_11)
FN:70,(anonymous_12)
FN:82,(anonymous_13)
FN:89,(anonymous_14)
FN:92,(anonymous_15)
FN:95,(anonymous_16)
FN:98,(anonymous_17)
FN:101,(anonymous_18)
FN:104,(anonymous_19)
FNF:20
FNH:0
FNDA:0,MarkdownRenderer
FNDA:0,(anonymous_1)
FNDA:0,(anonymous_2)
FNDA:0,(anonymous_3)
FNDA:0,(anonymous_4)
FNDA:0,(anonymous_5)
FNDA:0,(anonymous_6)
FNDA:0,(anonymous_7)
FNDA:0,(anonymous_8)
FNDA:0,(anonymous_9)
FNDA:0,(anonymous_10)
FNDA:0,(anonymous_11)
FNDA:0,(anonymous_12)
FNDA:0,(anonymous_13)
FNDA:0,(anonymous_14)
FNDA:0,(anonymous_15)
FNDA:0,(anonymous_16)
FNDA:0,(anonymous_17)
FNDA:0,(anonymous_18)
FNDA:0,(anonymous_19)
DA:10,0
DA:16,0
DA:23,0
DA:24,0
DA:25,0
DA:26,0
DA:33,0
DA:40,0
DA:43,0
DA:46,0
DA:49,0
DA:52,0
DA:55,0
DA:58,0
DA:61,0
DA:64,0
DA:71,0
DA:83,0
DA:90,0
DA:93,0
DA:96,0
DA:99,0
DA:102,0
DA:105,0
LF:24
LH:0
BRDA:11,0,0,0
BRDA:11,0,1,0
BRDA:24,1,0,0
BRDA:24,1,1,0
BRDA:25,2,0,0
BRDA:25,2,1,0
BRDA:28,3,0,0
BRDA:28,3,1,0
BRF:8
BRH:0
end_of_record
TN:
SF:src/components/Pagination.tsx
FN:10,Pagination
FN:33,(anonymous_1)
FN:39,(anonymous_2)
FN:45,(anonymous_3)
FN:57,(anonymous_4)
FN:68,usePagination
FN:73,(anonymous_6)
FNF:7
FNH:0
FNDA:0,Pagination
FNDA:0,(anonymous_1)
FNDA:0,(anonymous_2)
FNDA:0,(anonymous_3)
FNDA:0,(anonymous_4)
FNDA:0,usePagination
FNDA:0,(anonymous_6)
DA:11,0
DA:12,0
DA:14,0
DA:15,0
DA:17,0
DA:18,0
DA:19,0
DA:20,0
DA:21,0
DA:22,0
DA:26,0
DA:33,0
DA:40,0
DA:45,0
DA:57,0
DA:69,0
DA:70,0
DA:72,0
DA:74,0
DA:75,0
LF:20
LH:0
BRDA:12,0,0,0
BRDA:12,0,1,0
BRDA:19,1,0,0
BRDA:19,1,1,0
BRDA:19,2,0,0
BRDA:19,2,1,0
BRDA:19,2,2,0
BRDA:19,2,3,0
BRDA:21,3,0,0
BRDA:21,3,1,0
BRDA:40,4,0,0
BRDA:40,4,1,0
BRDA:47,5,0,0
BRDA:47,5,1,0
BRDA:68,6,0,0
BRF:15
BRH:0
end_of_record
TN:
SF:src/components/Auth/ProtectedRoute.tsx
FN:4,ProtectedRoute
FNF:1
FNH:0
FNDA:0,ProtectedRoute
DA:5,0
DA:7,0
DA:8,0
DA:18,0
DA:19,0
DA:22,0
LF:6
LH:0
BRDA:7,0,0,0
BRDA:7,0,1,0
BRDA:18,1,0,0
BRDA:18,1,1,0
BRF:4
BRH:0
end_of_record
TN:
SF:src/components/Auth/RequireRole.tsx
FN:10,RequireRole
FNF:1
FNH:0
FNDA:0,RequireRole
DA:11,0
DA:13,0
DA:14,0
DA:15,0
DA:18,0
LF:5
LH:0
BRDA:13,0,0,0
BRDA:13,0,1,0
BRDA:14,1,0,0
BRDA:14,1,1,0
BRF:4
BRH:0
end_of_record
TN:
SF:src/components/Layout/Layout.tsx
FN:52,Layout
FN:59,(anonymous_1)
FN:65,(anonymous_2)
FN:70,(anonymous_3)
FN:73,(anonymous_4)
FN:80,(anonymous_5)
FN:122,(anonymous_6)
FN:133,(anonymous_7)
FN:139,(anonymous_8)
FN:216,(anonymous_9)
FN:262,(anonymous_10)
FN:267,(anonymous_11)
FNF:12
FNH:0
FNDA:0,Layout
FNDA:0,(anonymous_1)
FNDA:0,(anonymous_2)
FNDA:0,(anonymous_3)
FNDA:0,(anonymous_4)
FNDA:0,(anonymous_5)
FNDA:0,(anonymous_6)
FNDA:0,(anonymous_7)
FNDA:0,(anonymous_8)
FNDA:0,(anonymous_9)
FNDA:0,(anonymous_10)
FNDA:0,(anonymous_11)
DA:38,0
DA:53,0
DA:54,0
DA:55,0
DA:56,0
DA:57,0
DA:59,0
DA:60,0
DA:61,0
DA:62,0
DA:65,0
DA:66,0
DA:67,0
DA:70,0
DA:71,0
DA:73,0
DA:74,0
DA:77,0
DA:78,0
DA:80,0
DA:81,0
DA:82,0
DA:85,0
DA:100,0
DA:101,0
DA:111,0
DA:114,0
DA:122,0
DA:133,0
DA:140,0
DA:141,0
DA:142,0
DA:217,0
DA:262,0
DA:267,0
LF:35
LH:0
BRDA:60,0,0,0
BRDA:60,0,1,0
BRDA:61,1,0,0
BRDA:61,1,1,0
BRDA:71,2,0,0
BRDA:71,2,1,0
BRDA:77,3,0,0
BRDA:77,3,1,0
BRDA:78,4,0,0
BRDA:78,4,1,0
BRDA:88,5,0,0
BRDA:88,5,1,0
BRDA:90,6,0,0
BRDA:90,6,1,0
BRDA:95,7,0,0
BRDA:95,7,1,0
BRDA:96,8,0,0
BRDA:96,8,1,0
BRDA:100,9,0,0
BRDA:100,9,1,0
BRDA:118,10,0,0
BRDA:118,10,1,0
BRDA:147,11,0,0
BRDA:147,11,1,0
BRDA:152,12,0,0
BRDA:152,12,1,0
BRDA:187,13,0,0
BRDA:187,13,1,0
BRDA:201,14,0,0
BRDA:201,14,1,0
BRDA:209,15,0,0
BRDA:209,15,1,0
BRDA:223,16,0,0
BRDA:223,16,1,0
BRDA:228,17,0,0
BRDA:228,17,1,0
BRDA:236,18,0,0
BRDA:236,18,1,0
BRDA:240,19,0,0
BRDA:240,19,1,0
BRDA:243,20,0,0
BRDA:243,20,1,0
BRDA:267,21,0,0
BRDA:267,21,1,0
BRDA:280,22,0,0
BRDA:280,22,1,0
BRDA:288,23,0,0
BRDA:288,23,1,0
BRDA:299,24,0,0
BRDA:299,24,1,0
BRDA:301,25,0,0
BRDA:301,25,1,0
BRF:52
BRH:0
end_of_record
TN:
SF:src/components/ui/badge.tsx
FN:30,Badge
FNF:1
FNH:0
FNDA:0,Badge
DA:6,0
DA:31,0
LF:2
LH:0
BRF:0
BRH:0
end_of_record
TN:
SF:src/components/ui/button.tsx
FN:44,(anonymous_0)
FNF:1
FNH:0
FNDA:0,(anonymous_0)
DA:7,0
DA:43,0
DA:45,0
DA:46,0
DA:55,0
LF:5
LH:0
BRDA:44,0,0,0
BRDA:45,1,0,0
BRDA:45,1,1,0
BRF:3
BRH:0
end_of_record
TN:
SF:src/components/ui/card.tsx
FN:8,(anonymous_0)
FN:23,(anonymous_1)
FN:35,(anonymous_2)
FN:47,(anonymous_3)
FN:59,(anonymous_4)
FN:67,(anonymous_5)
FNF:6
FNH:0
FNDA:0,(anonymous_0)
FNDA:0,(anonymous_1)
FNDA:0,(anonymous_2)
FNDA:0,(anonymous_3)
FNDA:0,(anonymous_4)
FNDA:0,(anonymous_5)
DA:5,0
DA:9,0
DA:18,0
DA:20,0
DA:24,0
DA:30,0
DA:32,0
DA:36,0
DA:42,0
DA:44,0
DA:48,0
DA:54,0
DA:56,0
DA:60,0
DA:62,0
DA:64,0
DA:68,0
DA:74,0
LF:18
LH:0
BRF:0
BRH:0
end_of_record
TN:
SF:src/components/ui/dialog.tsx
FN:18,(anonymous_0)
FN:33,(anonymous_1)
FN:54,(anonymous_2)
FN:68,(anonymous_3)
FN:85,(anonymous_4)
FN:100,(anonymous_5)
FNF:6
FNH:0
FNDA:0,(anonymous_0)
FNDA:0,(anonymous_1)
FNDA:0,(anonymous_2)
FNDA:0,(anonymous_3)
FNDA:0,(anonymous_4)
FNDA:0,(anonymous_5)
DA:7,0
DA:9,0
DA:11,0
DA:13,0
DA:15,0
DA:19,0
DA:28,0
DA:30,0
DA:34,0
DA:52,0
DA:54,0
DA:58,0
DA:66,0
DA:68,0
DA:72,0
DA:80,0
DA:82,0
DA:86,0
DA:95,0
DA:97,0
DA:101,0
DA:107,0
LF:22
LH:0
BRF:0
BRH:0
end_of_record
TN:
SF:src/components/ui/dropdown-menu.tsx
FN:26,(anonymous_0)
FN:46,(anonymous_1)
FN:62,(anonymous_2)
FN:83,(anonymous_3)
FN:99,(anonymous_4)
FN:123,(anonymous_5)
FN:147,(anonymous_6)
FN:163,(anonymous_7)
FN:172,(anonymous_8)
FNF:9
FNH:0
FNDA:0,(anonymous_0)
FNDA:0,(anonymous_1)
FNDA:0,(anonymous_2)
FNDA:0,(anonymous_3)
FNDA:0,(anonymous_4)
FNDA:0,(anonymous_5)
FNDA:0,(anonymous_6)
FNDA:0,(anonymous_7)
FNDA:0,(anonymous_8)
DA:7,0
DA:9,0
DA:11,0
DA:13,0
DA:15,0
DA:17,0
DA:19,0
DA:21,0
DA:27,0
DA:40,0
DA:43,0
DA:47,0
DA:56,0
DA:59,0
DA:63,0
DA:76,0
DA:78,0
DA:84,0
DA:94,0
DA:96,0
DA:100,0
DA:117,0
DA:120,0
DA:124,0
DA:140,0
DA:142,0
DA:148,0
DA:158,0
DA:160,0
DA:164,0
DA:170,0
DA:172,0
DA:176,0
DA:183,0
LF:34
LH:0
BRDA:31,0,0,0
BRDA:31,0,1,0
BRDA:62,1,0,0
BRDA:88,2,0,0
BRDA:88,2,1,0
BRDA:152,3,0,0
BRDA:152,3,1,0
BRF:7
BRH:0
end_of_record
TN:
SF:src/components/ui/input.tsx
FN:6,(anonymous_0)
FNF:1
FNH:0
FNDA:0,(anonymous_0)
DA:5,0
DA:7,0
DA:20,0
LF:3
LH:0
BRF:0
BRH:0
end_of_record
TN:
SF:src/components/ui/select.tsx
FN:16,(anonymous_0)
FN:36,(anonymous_1)
FN:53,(anonymous_2)
FN:71,(anonymous_3)
FN:103,(anonymous_4)
FN:115,(anonymous_5)
FN:137,(anonymous_6)
FNF:7
FNH:0
FNDA:0,(anonymous_0)
FNDA:0,(anonymous_1)
FNDA:0,(anonymous_2)
FNDA:0,(anonymous_3)
FNDA:0,(anonymous_4)
FNDA:0,(anonymous_5)
FNDA:0,(anonymous_6)
DA:7,0
DA:9,0
DA:11,0
DA:13,0
DA:17,0
DA:31,0
DA:33,0
DA:37,0
DA:48,0
DA:50,0
DA:54,0
DA:65,0
DA:68,0
DA:72,0
DA:98,0
DA:100,0
DA:104,0
DA:110,0
DA:112,0
DA:116,0
DA:132,0
DA:134,0
DA:138,0
DA:144,0
LF:24
LH:0
BRDA:71,0,0,0
BRDA:77,1,0,0
BRDA:77,1,1,0
BRDA:88,2,0,0
BRDA:88,2,1,0
BRF:5
BRH:0
end_of_record
TN:
SF:src/components/ui/separator.tsx
FN:10,(anonymous_0)
FNF:1
FNH:0
FNDA:0,(anonymous_0)
DA:6,0
DA:14,0
DA:27,0
LF:3
LH:0
BRDA:11,0,0,0
BRDA:11,1,0,0
BRDA:20,2,0,0
BRDA:20,2,1,0
BRF:4
BRH:0
end_of_record
TN:
SF:src/components/ui/switch.tsx
FN:9,(anonymous_0)
FNF:1
FNH:0
FNDA:0,(anonymous_0)
DA:6,0
DA:10,0
DA:25,0
LF:3
LH:0
BRF:0
BRH:0
end_of_record
TN:
SF:src/components/ui/table.tsx
FN:8,(anonymous_0)
FN:22,(anonymous_1)
FN:30,(anonymous_2)
FN:42,(anonymous_3)
FN:57,(anonymous_4)
FN:72,(anonymous_5)
FN:87,(anonymous_6)
FN:102,(anonymous_7)
FNF:8
FNH:0
FNDA:0,(anonymous_0)
FNDA:0,(anonymous_1)
FNDA:0,(anonymous_2)
FNDA:0,(anonymous_3)
FNDA:0,(anonymous_4)
FNDA:0,(anonymous_5)
FNDA:0,(anonymous_6)
FNDA:0,(anonymous_7)
DA:5,0
DA:9,0
DA:17,0
DA:19,0
DA:23,0
DA:25,0
DA:27,0
DA:31,0
DA:37,0
DA:39,0
DA:43,0
DA:52,0
DA:54,0
DA:58,0
DA:67,0
DA:69,0
DA:73,0
DA:82,0
DA:84,0
DA:88,0
DA:97,0
DA:99,0
DA:103,0
DA:109,0
LF:24
LH:0
BRF:0
BRH:0
end_of_record
TN:
SF:src/components/ui/tabs.tsx
FN:11,(anonymous_0)
FN:26,(anonymous_1)
FN:41,(anonymous_2)
FNF:3
FNH:0
FNDA:0,(anonymous_0)
FNDA:0,(anonymous_1)
FNDA:0,(anonymous_2)
DA:6,0
DA:8,0
DA:12,0
DA:21,0
DA:23,0
DA:27,0
DA:36,0
DA:38,0
DA:42,0
DA:51,0
LF:10
LH:0
BRF:0
BRH:0
end_of_record
TN:
SF:src/components/ui/textarea.tsx
FN:8,(anonymous_0)
FNF:1
FNH:0
FNDA:0,(anonymous_0)
DA:5,0
DA:9,0
DA:20,0
LF:3
LH:0
BRF:0
BRH:0
end_of_record
TN:
SF:src/components/ui/tooltip.tsx
FN:17,(anonymous_0)
FNF:1
FNH:0
FNDA:0,(anonymous_0)
DA:6,0
DA:8,0
DA:10,0
DA:12,0
DA:14,0
DA:18,0
DA:30,0
LF:7
LH:0
BRDA:17,0,0,0
BRF:1
BRH:0
end_of_record
TN:
SF:src/hooks/useAnalyticsLive.ts
FN:84,useAnalyticsLive
FN:94,(anonymous_1)
FN:98,(anonymous_2)
FN:121,(anonymous_3)
FN:194,(anonymous_4)
FN:200,(anonymous_5)
FN:203,(anonymous_6)
FNF:7
FNH:0
FNDA:0,useAnalyticsLive
FNDA:0,(anonymous_1)
FNDA:0,(anonymous_2)
FNDA:0,(anonymous_3)
FNDA:0,(anonymous_4)
FNDA:0,(anonymous_5)
FNDA:0,(anonymous_6)
DA:82,0
DA:85,0
DA:86,0
DA:87,0
DA:88,0
DA:89,0
DA:90,0
DA:91,0
DA:93,0
DA:94,0
DA:98,0
DA:99,0
DA:100,0
DA:107,0
DA:108,0
DA:110,0
DA:111,0
DA:112,0
DA:113,0
DA:115,0
DA:117,0
DA:121,0
DA:122,0
DA:123,0
DA:124,0
DA:125,0
DA:128,0
DA:129,0
DA:130,0
DA:133,0
DA:134,0
DA:136,0
DA:137,0
DA:146,0
DA:147,0
DA:150,0
DA:151,0
DA:153,0
DA:154,0
DA:155,0
DA:156,0
DA:158,0
DA:159,0
DA:160,0
DA:161,0
DA:162,0
DA:163,0
DA:165,0
DA:166,0
DA:167,0
DA:168,0
DA:170,0
DA:171,0
DA:174,0
DA:175,0
DA:177,0
DA:178,0
DA:179,0
DA:180,0
DA:181,0
DA:184,0
DA:185,0
DA:186,0
DA:191,0
DA:192,0
DA:193,0
DA:194,0
DA:195,0
DA:200,0
DA:201,0
DA:202,0
DA:203,0
DA:204,0
DA:205,0
DA:209,0
LF:75
LH:0
BRDA:82,0,0,0
BRDA:82,0,1,0
BRDA:104,1,0,0
BRDA:104,1,1,0
BRDA:107,2,0,0
BRDA:107,2,1,0
BRDA:112,3,0,0
BRDA:112,3,1,0
BRDA:115,4,0,0
BRDA:115,4,1,0
BRDA:122,5,0,0
BRDA:122,5,1,0
BRDA:129,6,0,0
BRDA:129,6,1,0
BRDA:146,7,0,0
BRDA:146,7,1,0
BRDA:146,8,0,0
BRDA:146,8,1,0
BRDA:160,9,0,0
BRDA:160,9,1,0
BRDA:163,10,0,0
BRDA:163,10,1,0
BRDA:166,11,0,0
BRDA:166,11,1,0
BRDA:170,12,0,0
BRDA:170,12,1,0
BRDA:175,13,0,0
BRDA:175,13,1,0
BRDA:177,14,0,0
BRDA:177,14,1,0
BRDA:180,15,0,0
BRDA:180,15,1,0
BRDA:184,16,0,0
BRDA:184,16,1,0
BRDA:186,17,0,0
BRDA:186,17,1,0
BRDA:191,18,0,0
BRDA:191,18,1,0
BRDA:192,19,0,0
BRDA:192,19,1,0
BRDA:205,20,0,0
BRDA:205,20,1,0
BRF:42
BRH:0
end_of_record
TN:
SF:src/hooks/useArtifacts.ts
FN:4,useArtifacts
FN:7,(anonymous_1)
FNF:2
FNH:0
FNDA:0,useArtifacts
FNDA:0,(anonymous_1)
DA:5,0
DA:7,0
LF:2
LH:0
BRF:0
BRH:0
end_of_record
TN:
SF:src/hooks/useHealth.ts
FN:4,useHealth
FNF:1
FNH:0
FNDA:0,useHealth
DA:5,0
LF:1
LH:0
BRDA:4,0,0,0
BRDA:8,1,0,0
BRDA:8,1,1,0
BRF:3
BRH:0
end_of_record
TN:
SF:src/hooks/usePrReviews.ts
FN:4,usePrReviews
FN:7,(anonymous_1)
FN:11,useWebhookEvents
FN:14,(anonymous_3)
FN:18,useTriggerReview
FN:22,(anonymous_5)
FNF:6
FNH:0
FNDA:0,usePrReviews
FNDA:0,(anonymous_1)
FNDA:0,useWebhookEvents
FNDA:0,(anonymous_3)
FNDA:0,useTriggerReview
FNDA:0,(anonymous_5)
DA:5,0
DA:7,0
DA:12,0
DA:14,0
DA:19,0
DA:20,0
DA:22,0
LF:7
LH:0
BRDA:4,0,0,0
BRDA:11,1,0,0
BRF:2
BRH:0
end_of_record
TN:
SF:src/hooks/useRepos.ts
FN:4,useRepos
FN:11,useRepo
FN:14,(anonymous_2)
FN:19,useRepoStatus
FN:22,(anonymous_4)
FN:24,(anonymous_5)
FN:31,useCreateRepo
FN:35,(anonymous_7)
FN:39,useUpdateRepo
FN:42,(anonymous_9)
FN:44,(anonymous_10)
FN:48,useIngestRepo
FN:51,(anonymous_12)
FN:52,(anonymous_13)
FN:56,useDeleteRepo
FN:60,(anonymous_15)
FN:64,useHardDeleteRepo
FN:68,(anonymous_17)
FNF:18
FNH:0
FNDA:0,useRepos
FNDA:0,useRepo
FNDA:0,(anonymous_2)
FNDA:0,useRepoStatus
FNDA:0,(anonymous_4)
FNDA:0,(anonymous_5)
FNDA:0,useCreateRepo
FNDA:0,(anonymous_7)
FNDA:0,useUpdateRepo
FNDA:0,(anonymous_9)
FNDA:0,(anonymous_10)
FNDA:0,useIngestRepo
FNDA:0,(anonymous_12)
FNDA:0,(anonymous_13)
FNDA:0,useDeleteRepo
FNDA:0,(anonymous_15)
FNDA:0,useHardDeleteRepo
FNDA:0,(anonymous_17)
DA:5,0
DA:12,0
DA:14,0
DA:20,0
DA:22,0
DA:25,0
DA:26,0
DA:32,0
DA:33,0
DA:35,0
DA:40,0
DA:41,0
DA:43,0
DA:44,0
DA:49,0
DA:50,0
DA:51,0
DA:52,0
DA:57,0
DA:58,0
DA:60,0
DA:65,0
DA:66,0
DA:68,0
LF:24
LH:0
BRDA:25,0,0,0
BRDA:25,0,1,0
BRDA:26,1,0,0
BRDA:26,1,1,0
BRF:4
BRH:0
end_of_record
TN:
SF:src/hooks/useRoleAccess.ts
FN:13,useRoleAccess
FN:14,(anonymous_1)
FN:16,(anonymous_2)
FN:22,(anonymous_3)
FNF:4
FNH:0
FNDA:0,useRoleAccess
FNDA:0,(anonymous_1)
FNDA:0,(anonymous_2)
FNDA:0,(anonymous_3)
DA:14,0
DA:16,0
DA:17,0
DA:18,0
DA:23,0
DA:24,0
LF:6
LH:0
BRDA:17,0,0,0
BRDA:17,0,1,0
BRDA:23,1,0,0
BRDA:23,1,1,0
BRF:4
BRH:0
end_of_record
TN:
SF:src/hooks/useSessions.ts
FN:4,useSessions
FN:11,useDeleteSession
FN:15,(anonymous_2)
FNF:3
FNH:0
FNDA:0,useSessions
FNDA:0,useDeleteSession
FNDA:0,(anonymous_2)
DA:5,0
DA:12,0
DA:13,0
DA:15,0
LF:4
LH:0
BRF:0
BRH:0
end_of_record
TN:
SF:src/lib/queryClient.ts
FNF:0
FNH:0
DA:3,0
LF:1
LH:0
BRF:0
BRH:0
end_of_record
TN:
SF:src/lib/utils.ts
FN:4,cn
FNF:1
FNH:0
FNDA:0,cn
DA:5,0
LF:1
LH:0
BRF:0
BRH:0
end_of_record
TN:
SF:src/lib/api/admin.ts
FN:33,(anonymous_0)
FN:34,(anonymous_1)
FN:36,(anonymous_2)
FN:37,(anonymous_3)
FN:38,(anonymous_4)
FN:40,(anonymous_5)
FNF:6
FNH:0
FNDA:0,(anonymous_0)
FNDA:0,(anonymous_1)
FNDA:0,(anonymous_2)
FNDA:0,(anonymous_3)
FNDA:0,(anonymous_4)
FNDA:0,(anonymous_5)
DA:32,0
DA:33,0
DA:35,0
DA:36,0
DA:37,0
DA:39,0
DA:41,0
LF:7
LH:0
BRDA:36,0,0,0
BRF:1
BRH:0
end_of_record
TN:
SF:src/lib/api/agent.ts
FN:89,(anonymous_0)
FN:93,(anonymous_1)
FN:97,(anonymous_2)
FN:107,(anonymous_3)
FN:111,(anonymous_4)
FN:116,(anonymous_5)
FN:120,(anonymous_6)
FN:124,(anonymous_7)
FN:128,(anonymous_8)
FN:132,(anonymous_9)
FN:136,(anonymous_10)
FN:140,(anonymous_11)
FN:149,(anonymous_12)
FN:154,(anonymous_13)
FN:161,(anonymous_14)
FNF:15
FNH:0
FNDA:0,(anonymous_0)
FNDA:0,(anonymous_1)
FNDA:0,(anonymous_2)
FNDA:0,(anonymous_3)
FNDA:0,(anonymous_4)
FNDA:0,(anonymous_5)
FNDA:0,(anonymous_6)
FNDA:0,(anonymous_7)
FNDA:0,(anonymous_8)
FNDA:0,(anonymous_9)
FNDA:0,(anonymous_10)
FNDA:0,(anonymous_11)
FNDA:0,(anonymous_12)
FNDA:0,(anonymous_13)
FNDA:0,(anonymous_14)
DA:88,0
DA:90,0
DA:94,0
DA:98,0
DA:99,0
DA:101,0
DA:102,0
DA:104,0
DA:108,0
DA:112,0
DA:113,0
DA:117,0
DA:121,0
DA:125,0
DA:129,0
DA:133,0
DA:137,0
DA:144,0
DA:150,0
DA:151,0
DA:158,0
DA:162,0
LF:22
LH:0
BRDA:98,0,0,0
BRDA:98,0,1,0
BRDA:101,1,0,0
BRDA:101,1,1,0
BRDA:112,2,0,0
BRDA:112,2,1,0
BRDA:150,3,0,0
BRDA:150,3,1,0
BRF:8
BRH:0
end_of_record
TN:
SF:src/lib/api/analytics.ts
FN:5,(anonymous_0)
FN:12,(anonymous_1)
FN:16,(anonymous_2)
FNF:3
FNH:0
FNDA:0,(anonymous_0)
FNDA:0,(anonymous_1)
FNDA:0,(anonymous_2)
DA:3,0
DA:6,0
DA:13,0
DA:16,0
LF:4
LH:0
BRDA:5,0,0,0
BRDA:12,1,0,0
BRF:2
BRH:0
end_of_record
TN:
SF:src/lib/api/artifacts.ts
FN:4,(anonymous_0)
FN:8,(anonymous_1)
FN:15,(anonymous_2)
FNF:3
FNH:0
FNDA:0,(anonymous_0)
FNDA:0,(anonymous_1)
FNDA:0,(anonymous_2)
DA:3,0
DA:5,0
DA:6,0
DA:9,0
DA:10,0
DA:11,0
DA:12,0
DA:13,0
DA:16,0
DA:17,0
LF:10
LH:0
BRDA:5,0,0,0
BRDA:5,0,1,0
BRDA:10,1,0,0
BRDA:10,1,1,0
BRDA:11,2,0,0
BRDA:11,2,1,0
BRDA:12,3,0,0
BRDA:12,3,1,0
BRDA:16,4,0,0
BRDA:16,4,1,0
BRF:10
BRH:0
end_of_record
TN:
SF:src/lib/api/client.ts
FN:9,(anonymous_0)
FN:21,(anonymous_1)
FN:30,(anonymous_2)
FN:65,(anonymous_3)
FN:78,(anonymous_4)
FN:82,(anonymous_5)
FN:90,(anonymous_6)
FN:98,(anonymous_7)
FNF:8
FNH:5
FNDA:8,(anonymous_0)
FNDA:8,(anonymous_1)
FNDA:5,(anonymous_2)
FNDA:0,(anonymous_3)
FNDA:4,(anonymous_4)
FNDA:1,(anonymous_5)
FNDA:0,(anonymous_6)
FNDA:0,(anonymous_7)
DA:6,2
DA:9,2
DA:10,8
DA:11,8
DA:12,8
DA:13,3
DA:14,3
DA:17,5
DA:21,2
DA:22,8
DA:23,8
DA:30,2
DA:31,5
DA:32,5
DA:38,5
DA:43,5
DA:44,1
DA:46,1
DA:47,1
DA:48,1
DA:49,1
DA:50,1
DA:51,1
DA:52,1
DA:53,1
DA:54,1
DA:55,1
DA:59,1
DA:61,1
DA:64,4
DA:65,1
DA:66,1
DA:70,3
DA:72,2
DA:75,2
DA:79,4
DA:83,1
DA:91,0
DA:99,0
LF:39
LH:37
BRDA:6,0,0,2
BRDA:6,0,1,2
BRDA:12,1,0,3
BRDA:12,1,1,5
BRDA:14,2,0,3
BRDA:14,2,1,0
BRDA:23,3,0,4
BRDA:23,3,1,4
BRDA:30,4,0,5
BRDA:31,5,0,5
BRDA:35,6,0,5
BRDA:35,6,1,5
BRDA:43,7,0,1
BRDA:43,7,1,4
BRDA:44,8,0,1
BRDA:44,8,1,0
BRDA:49,9,0,1
BRDA:49,9,1,0
BRDA:51,10,0,1
BRDA:51,10,1,0
BRDA:64,11,0,1
BRDA:64,11,1,3
BRDA:66,12,0,1
BRDA:66,12,1,0
BRDA:70,13,0,1
BRDA:70,13,1,2
BRDA:78,14,0,4
BRDA:82,15,0,1
BRDA:85,16,0,1
BRDA:85,16,1,0
BRDA:90,17,0,0
BRDA:93,18,0,0
BRDA:93,18,1,0
BRDA:98,19,0,0
BRF:34
BRH:24
end_of_record
TN:
SF:src/lib/api/copilot.ts
FN:21,(anonymous_0)
FN:22,(anonymous_1)
FN:23,(anonymous_2)
FN:26,(anonymous_3)
FNF:4
FNH:0
FNDA:0,(anonymous_0)
FNDA:0,(anonymous_1)
FNDA:0,(anonymous_2)
FNDA:0,(anonymous_3)
DA:20,0
DA:21,0
DA:22,0
DA:23,0
DA:27,0
LF:5
LH:0
BRF:0
BRH:0
end_of_record
TN:
SF:src/lib/api/debug.ts
FN:4,(anonymous_0)
FNF:1
FNH:0
FNDA:0,(anonymous_0)
DA:3,0
DA:5,0
LF:2
LH:0
BRF:0
BRH:0
end_of_record
TN:
SF:src/lib/api/github-integration.ts
FN:12,(anonymous_0)
FN:14,(anonymous_1)
FN:16,(anonymous_2)
FN:18,(anonymous_3)
FNF:4
FNH:0
FNDA:0,(anonymous_0)
FNDA:0,(anonymous_1)
FNDA:0,(anonymous_2)
FNDA:0,(anonymous_3)
DA:11,0
DA:13,0
DA:15,0
DA:17,0
DA:19,0
LF:5
LH:0
BRF:0
BRH:0
end_of_record
TN:
SF:src/lib/api/graph.ts
FN:47,(anonymous_0)
FN:51,(anonymous_1)
FN:55,(anonymous_2)
FN:59,(anonymous_3)
FNF:4
FNH:0
FNDA:0,(anonymous_0)
FNDA:0,(anonymous_1)
FNDA:0,(anonymous_2)
FNDA:0,(anonymous_3)
DA:47,0
DA:48,0
DA:51,0
DA:52,0
DA:55,0
DA:56,0
DA:59,0
DA:60,0
LF:8
LH:0
BRF:0
BRH:0
end_of_record
TN:
SF:src/lib/api/health.ts
FN:22,(anonymous_0)
FNF:1
FNH:0
FNDA:0,(anonymous_0)
DA:21,0
DA:22,0
LF:2
LH:0
BRF:0
BRH:0
end_of_record
TN:
SF:src/lib/api/index.ts
FNF:0
FNH:0
LF:0
LH:0
BRF:0
BRH:0
end_of_record
TN:
SF:src/lib/api/ingest.ts
FN:4,(anonymous_0)
FN:6,(anonymous_1)
FN:8,(anonymous_2)
FN:10,(anonymous_3)
FN:11,(anonymous_4)
FNF:5
FNH:0
FNDA:0,(anonymous_0)
FNDA:0,(anonymous_1)
FNDA:0,(anonymous_2)
FNDA:0,(anonymous_3)
FNDA:0,(anonymous_4)
DA:3,0
DA:5,0
DA:7,0
DA:9,0
DA:10,0
DA:12,0
LF:6
LH:0
BRF:0
BRH:0
end_of_record
TN:
SF:src/lib/api/mcp.ts
FN:19,(anonymous_0)
FN:20,(anonymous_1)
FN:21,(anonymous_2)
FNF:3
FNH:0
FNDA:0,(anonymous_0)
FNDA:0,(anonymous_1)
FNDA:0,(anonymous_2)
DA:18,0
DA:19,0
DA:20,0
DA:22,0
LF:4
LH:0
BRDA:20,0,0,0
BRF:1
BRH:0
end_of_record
TN:
SF:src/lib/api/pr-review.ts
FN:50,(anonymous_0)
FN:51,(anonymous_1)
FN:53,(anonymous_2)
FN:55,(anonymous_3)
FNF:4
FNH:0
FNDA:0,(anonymous_0)
FNDA:0,(anonymous_1)
FNDA:0,(anonymous_2)
FNDA:0,(anonymous_3)
DA:49,0
DA:50,0
DA:52,0
DA:54,0
DA:55,0
LF:5
LH:0
BRDA:50,0,0,0
BRDA:55,1,0,0
BRF:2
BRH:0
end_of_record
TN:
SF:src/lib/api/repos.ts
FN:27,(anonymous_0)
FN:28,(anonymous_1)
FN:29,(anonymous_2)
FN:31,(anonymous_3)
FN:33,(anonymous_4)
FN:34,(anonymous_5)
FN:35,(anonymous_6)
FN:36,(anonymous_7)
FNF:8
FNH:0
FNDA:0,(anonymous_0)
FNDA:0,(anonymous_1)
FNDA:0,(anonymous_2)
FNDA:0,(anonymous_3)
FNDA:0,(anonymous_4)
FNDA:0,(anonymous_5)
FNDA:0,(anonymous_6)
FNDA:0,(anonymous_7)
DA:26,0
DA:27,0
DA:28,0
DA:30,0
DA:32,0
DA:33,0
DA:34,0
DA:35,0
DA:36,0
LF:9
LH:0
BRF:0
BRH:0
end_of_record
TN:
SF:src/lib/api/watcher.ts
FN:4,(anonymous_0)
FN:5,(anonymous_1)
FN:6,(anonymous_2)
FNF:3
FNH:0
FNDA:0,(anonymous_0)
FNDA:0,(anonymous_1)
FNDA:0,(anonymous_2)
DA:3,0
DA:4,0
DA:5,0
DA:6,0
LF:4
LH:0
BRF:0
BRH:0
end_of_record
TN:
SF:src/pages/AnalyticsPage.tsx
FN:91,AnalyticsPage
FN:95,(anonymous_1)
FN:138,(anonymous_2)
FN:162,(anonymous_3)
FN:189,(anonymous_4)
FN:332,(anonymous_5)
FN:337,(anonymous_6)
FN:382,(anonymous_7)
FNF:8
FNH:0
FNDA:0,AnalyticsPage
FNDA:0,(anonymous_1)
FNDA:0,(anonymous_2)
FNDA:0,(anonymous_3)
FNDA:0,(anonymous_4)
FNDA:0,(anonymous_5)
FNDA:0,(anonymous_6)
FNDA:0,(anonymous_7)
DA:89,0
DA:92,0
DA:93,0
DA:94,0
DA:95,0
DA:126,0
DA:127,0
DA:139,0
DA:162,0
DA:163,0
DA:164,0
DA:165,0
DA:167,0
DA:189,0
DA:332,0
DA:338,0
DA:383,0
LF:17
LH:0
BRDA:96,0,0,0
BRDA:96,0,1,0
BRDA:97,1,0,0
BRDA:97,1,1,0
BRDA:98,2,0,0
BRDA:98,2,1,0
BRDA:99,3,0,0
BRDA:99,3,1,0
BRDA:100,4,0,0
BRDA:100,4,1,0
BRDA:101,5,0,0
BRDA:101,5,1,0
BRDA:102,6,0,0
BRDA:102,6,1,0
BRDA:126,7,0,0
BRDA:126,7,1,0
BRDA:164,8,0,0
BRDA:164,8,1,0
BRDA:164,9,0,0
BRDA:164,9,1,0
BRDA:169,10,0,0
BRDA:169,10,1,0
BRDA:178,11,0,0
BRDA:178,11,1,0
BRDA:379,12,0,0
BRDA:379,12,1,0
BRF:26
BRH:0
end_of_record
TN:
SF:src/pages/ArtifactsPage.tsx
FN:29,(anonymous_0)
FN:54,ArtifactDetailModal
FN:58,(anonymous_2)
FN:60,(anonymous_3)
FN:137,ArtifactsPage
FN:144,(anonymous_5)
FN:147,(anonymous_6)
FN:158,(anonymous_7)
FN:160,(anonymous_8)
FN:164,(anonymous_9)
FN:175,(anonymous_10)
FN:195,(anonymous_11)
FN:204,(anonymous_12)
FN:221,(anonymous_13)
FN:227,(anonymous_14)
FN:253,(anonymous_15)
FNF:16
FNH:0
FNDA:0,(anonymous_0)
FNDA:0,ArtifactDetailModal
FNDA:0,(anonymous_2)
FNDA:0,(anonymous_3)
FNDA:0,ArtifactsPage
FNDA:0,(anonymous_5)
FNDA:0,(anonymous_6)
FNDA:0,(anonymous_7)
FNDA:0,(anonymous_8)
FNDA:0,(anonymous_9)
FNDA:0,(anonymous_10)
FNDA:0,(anonymous_11)
FNDA:0,(anonymous_12)
FNDA:0,(anonymous_13)
FNDA:0,(anonymous_14)
FNDA:0,(anonymous_15)
DA:19,0
DA:29,0
DA:30,0
DA:31,0
DA:33,0
DA:35,0
DA:39,0
DA:40,0
DA:41,0
DA:42,0
DA:45,0
DA:49,0
DA:51,0
DA:55,0
DA:56,0
DA:58,0
DA:59,0
DA:60,0
DA:61,0
DA:62,0
DA:63,0
DA:66,0
DA:67,0
DA:68,0
DA:69,0
DA:72,0
DA:74,0
DA:77,0
DA:80,0
DA:81,0
DA:83,0
DA:138,0
DA:139,0
DA:140,0
DA:141,0
DA:142,0
DA:144,0
DA:145,0
DA:146,0
DA:147,0
DA:148,0
DA:154,0
DA:155,0
DA:158,0
DA:160,0
DA:161,0
DA:162,0
DA:163,0
DA:164,0
DA:165,0
DA:167,0
DA:168,0
DA:169,0
DA:171,0
DA:175,0
DA:177,0
DA:195,0
DA:205,0
DA:222,0
DA:223,0
DA:224,0
DA:227,0
DA:253,0
LF:63
LH:0
BRDA:30,0,0,0
BRDA:30,0,1,0
BRDA:31,1,0,0
BRDA:31,1,1,0
BRDA:35,2,0,0
BRDA:35,2,1,0
BRDA:35,3,0,0
BRDA:35,3,1,0
BRDA:35,3,2,0
BRDA:35,3,3,0
BRDA:35,3,4,0
BRDA:35,3,5,0
BRDA:39,4,0,0
BRDA:39,4,1,0
BRDA:39,5,0,0
BRDA:39,5,1,0
BRDA:40,6,0,0
BRDA:40,6,1,0
BRDA:41,7,0,0
BRDA:41,7,1,0
BRDA:42,8,0,0
BRDA:42,8,1,0
BRDA:42,9,0,0
BRDA:42,9,1,0
BRDA:45,10,0,0
BRDA:45,10,1,0
BRDA:45,11,0,0
BRDA:45,11,1,0
BRDA:46,12,0,0
BRDA:46,12,1,0
BRDA:49,13,0,0
BRDA:49,13,1,0
BRDA:49,13,2,0
BRDA:55,14,0,0
BRDA:55,14,1,0
BRDA:59,15,0,0
BRDA:59,15,1,0
BRDA:66,16,0,0
BRDA:66,16,1,0
BRDA:68,17,0,0
BRDA:68,17,1,0
BRDA:68,18,0,0
BRDA:68,18,1,0
BRDA:80,19,0,0
BRDA:80,19,1,0
BRDA:97,20,0,0
BRDA:97,20,1,0
BRDA:98,21,0,0
BRDA:98,21,1,0
BRDA:108,22,0,0
BRDA:108,22,1,0
BRDA:117,23,0,0
BRDA:117,23,1,0
BRDA:123,24,0,0
BRDA:123,24,1,0
BRDA:146,25,0,0
BRDA:146,25,1,0
BRDA:148,26,0,0
BRDA:148,26,1,0
BRDA:148,26,2,0
BRDA:185,27,0,0
BRDA:185,27,1,0
BRDA:202,28,0,0
BRDA:202,28,1,0
BRDA:212,29,0,0
BRDA:212,29,1,0
BRDA:222,30,0,0
BRDA:222,30,1,0
BRDA:239,31,0,0
BRDA:239,31,1,0
BRDA:241,32,0,0
BRDA:241,32,1,0
BRDA:242,33,0,0
BRDA:242,33,1,0
BRDA:252,34,0,0
BRDA:252,34,1,0
BRF:76
BRH:0
end_of_record
TN:
SF:src/pages/ChatPage.tsx
FN:38,(anonymous_0)
FN:49,(anonymous_1)
FN:57,ChatPage
FN:74,(anonymous_3)
FN:78,(anonymous_4)
FN:80,(anonymous_5)
FN:91,(anonymous_6)
FN:103,(anonymous_7)
FN:113,(anonymous_8)
FN:119,(anonymous_9)
FN:129,(anonymous_10)
FN:129,(anonymous_11)
FN:131,(anonymous_12)
FN:133,(anonymous_13)
FN:138,(anonymous_14)
FN:148,(anonymous_15)
FN:176,(anonymous_16)
FN:189,(anonymous_17)
FN:197,(anonymous_18)
FN:213,(anonymous_19)
FN:229,(anonymous_20)
FN:264,(anonymous_21)
FN:268,(anonymous_22)
FN:272,(anonymous_23)
FN:272,(anonymous_24)
FN:278,(anonymous_25)
FN:279,(anonymous_26)
FN:279,(anonymous_27)
FN:282,(anonymous_28)
FN:307,(anonymous_29)
FN:317,(anonymous_30)
FN:331,(anonymous_31)
FN:352,(anonymous_32)
FN:362,(anonymous_33)
FN:386,(anonymous_34)
FN:396,(anonymous_35)
FN:398,(anonymous_36)
FN:432,(anonymous_37)
FN:435,(anonymous_38)
FN:445,(anonymous_39)
FN:474,(anonymous_40)
FNF:41
FNH:0
FNDA:0,(anonymous_0)
FNDA:0,(anonymous_1)
FNDA:0,ChatPage
FNDA:0,(anonymous_3)
FNDA:0,(anonymous_4)
FNDA:0,(anonymous_5)
FNDA:0,(anonymous_6)
FNDA:0,(anonymous_7)
FNDA:0,(anonymous_8)
FNDA:0,(anonymous_9)
FNDA:0,(anonymous_10)
FNDA:0,(anonymous_11)
FNDA:0,(anonymous_12)
FNDA:0,(anonymous_13)
FNDA:0,(anonymous_14)
FNDA:0,(anonymous_15)
FNDA:0,(anonymous_16)
FNDA:0,(anonymous_17)
FNDA:0,(anonymous_18)
FNDA:0,(anonymous_19)
FNDA:0,(anonymous_20)
FNDA:0,(anonymous_21)
FNDA:0,(anonymous_22)
FNDA:0,(anonymous_23)
FNDA:0,(anonymous_24)
FNDA:0,(anonymous_25)
FNDA:0,(anonymous_26)
FNDA:0,(anonymous_27)
FNDA:0,(anonymous_28)
FNDA:0,(anonymous_29)
FNDA:0,(anonymous_30)
FNDA:0,(anonymous_31)
FNDA:0,(anonymous_32)
FNDA:0,(anonymous_33)
FNDA:0,(anonymous_34)
FNDA:0,(anonymous_35)
FNDA:0,(anonymous_36)
FNDA:0,(anonymous_37)
FNDA:0,(anonymous_38)
FNDA:0,(anonymous_39)
FNDA:0,(anonymous_40)
DA:36,0
DA:38,0
DA:39,0
DA:49,0
DA:58,0
DA:59,0
DA:60,0
DA:61,0
DA:62,0
DA:63,0
DA:64,0
DA:65,0
DA:66,0
DA:67,0
DA:68,0
DA:70,0
DA:71,0
DA:72,0
DA:74,0
DA:75,0
DA:78,0
DA:80,0
DA:81,0
DA:82,0
DA:83,0
DA:84,0
DA:86,0
DA:87,0
DA:91,0
DA:92,0
DA:93,0
DA:94,0
DA:95,0
DA:97,0
DA:99,0
DA:103,0
DA:104,0
DA:105,0
DA:106,0
DA:108,0
DA:109,0
DA:113,0
DA:114,0
DA:115,0
DA:116,0
DA:119,0
DA:120,0
DA:121,0
DA:122,0
DA:123,0
DA:124,0
DA:125,0
DA:126,0
DA:129,0
DA:131,0
DA:132,0
DA:133,0
DA:134,0
DA:135,0
DA:138,0
DA:139,0
DA:141,0
DA:148,0
DA:149,0
DA:150,0
DA:151,0
DA:154,0
DA:156,0
DA:157,0
DA:158,0
DA:159,0
DA:161,0
DA:162,0
DA:164,0
DA:165,0
DA:166,0
DA:168,0
DA:175,0
DA:176,0
DA:177,0
DA:178,0
DA:179,0
DA:180,0
DA:183,0
DA:184,0
DA:186,0
DA:187,0
DA:189,0
DA:190,0
DA:191,0
DA:193,0
DA:194,0
DA:195,0
DA:196,0
DA:197,0
DA:198,0
DA:199,0
DA:200,0
DA:201,0
DA:203,0
DA:205,0
DA:208,0
DA:210,0
DA:211,0
DA:212,0
DA:213,0
DA:214,0
DA:215,0
DA:216,0
DA:217,0
DA:220,0
DA:222,0
DA:223,0
DA:224,0
DA:225,0
DA:226,0
DA:227,0
DA:228,0
DA:229,0
DA:230,0
DA:231,0
DA:233,0
DA:234,0
DA:235,0
DA:236,0
DA:240,0
DA:241,0
DA:242,0
DA:243,0
DA:244,0
DA:245,0
DA:246,0
DA:247,0
DA:248,0
DA:249,0
DA:250,0
DA:251,0
DA:252,0
DA:255,0
DA:256,0
DA:258,0
DA:259,0
DA:260,0
DA:261,0
DA:264,0
DA:265,0
DA:268,0
DA:269,0
DA:270,0
DA:271,0
DA:272,0
DA:273,0
DA:274,0
DA:275,0
DA:278,0
DA:279,0
DA:282,0
DA:283,0
DA:285,0
DA:286,0
DA:287,0
DA:290,0
DA:308,0
DA:318,0
DA:319,0
DA:320,0
DA:321,0
DA:331,0
DA:353,0
DA:362,0
DA:386,0
DA:397,0
DA:398,0
DA:433,0
DA:435,0
DA:446,0
DA:475,0
LF:177
LH:0
BRDA:36,0,0,0
BRDA:36,0,1,0
BRDA:52,1,0,0
BRDA:52,1,1,0
BRDA:116,2,0,0
BRDA:116,2,1,0
BRDA:132,3,0,0
BRDA:132,3,1,0
BRDA:132,4,0,0
BRDA:132,4,1,0
BRDA:133,5,0,0
BRDA:133,5,1,0
BRDA:135,6,0,0
BRDA:135,6,1,0
BRDA:139,7,0,0
BRDA:139,7,1,0
BRDA:139,8,0,0
BRDA:139,8,1,0
BRDA:139,8,2,0
BRDA:154,9,0,0
BRDA:154,9,1,0
BRDA:165,10,0,0
BRDA:165,10,1,0
BRDA:165,11,0,0
BRDA:165,11,1,0
BRDA:166,12,0,0
BRDA:166,12,1,0
BRDA:175,13,0,0
BRDA:175,13,1,0
BRDA:179,14,0,0
BRDA:179,14,1,0
BRDA:180,15,0,0
BRDA:180,15,1,0
BRDA:184,16,0,0
BRDA:184,16,1,0
BRDA:190,17,0,0
BRDA:190,17,1,0
BRDA:190,18,0,0
BRDA:190,18,1,0
BRDA:193,19,0,0
BRDA:193,19,1,0
BRDA:195,20,0,0
BRDA:195,20,1,0
BRDA:200,21,0,0
BRDA:200,21,1,0
BRDA:200,22,0,0
BRDA:200,22,1,0
BRDA:210,23,0,0
BRDA:210,23,1,0
BRDA:212,24,0,0
BRDA:212,24,1,0
BRDA:216,25,0,0
BRDA:216,25,1,0
BRDA:222,26,0,0
BRDA:222,26,1,0
BRDA:226,27,0,0
BRDA:226,27,1,0
BRDA:226,28,0,0
BRDA:226,28,1,0
BRDA:229,29,0,0
BRDA:229,29,1,0
BRDA:233,30,0,0
BRDA:233,30,1,0
BRDA:234,31,0,0
BRDA:234,31,1,0
BRDA:242,32,0,0
BRDA:242,32,1,0
BRDA:245,33,0,0
BRDA:245,33,1,0
BRDA:249,34,0,0
BRDA:249,34,1,0
BRDA:251,35,0,0
BRDA:251,35,1,0
BRDA:258,36,0,0
BRDA:258,36,1,0
BRDA:258,37,0,0
BRDA:258,37,1,0
BRDA:265,38,0,0
BRDA:265,38,1,0
BRDA:265,39,0,0
BRDA:265,39,1,0
BRDA:273,40,0,0
BRDA:273,40,1,0
BRDA:279,41,0,0
BRDA:279,41,1,0
BRDA:293,42,0,0
BRDA:293,42,1,0
BRDA:304,43,0,0
BRDA:304,43,1,0
BRDA:311,44,0,0
BRDA:311,44,1,0
BRDA:319,45,0,0
BRDA:319,45,1,0
BRDA:348,46,0,0
BRDA:348,46,1,0
BRDA:349,47,0,0
BRDA:349,47,1,0
BRDA:349,47,2,0
BRDA:356,48,0,0
BRDA:356,48,1,0
BRDA:392,49,0,0
BRDA:392,49,1,0
BRDA:394,50,0,0
BRDA:394,50,1,0
BRDA:398,51,0,0
BRDA:398,51,1,0
BRDA:401,52,0,0
BRDA:401,52,1,0
BRDA:407,53,0,0
BRDA:407,53,1,0
BRDA:412,54,0,0
BRDA:412,54,1,0
BRDA:422,55,0,0
BRDA:422,55,1,0
BRDA:446,56,0,0
BRDA:446,56,1,0
BRDA:447,57,0,0
BRDA:447,57,1,0
BRDA:452,58,0,0
BRDA:452,58,1,0
BRDA:455,59,0,0
BRDA:455,59,1,0
BRDA:460,60,0,0
BRDA:460,60,1,0
BRDA:468,61,0,0
BRDA:468,61,1,0
BRDA:468,61,2,0
BRDA:493,62,0,0
BRDA:493,62,1,0
BRDA:501,63,0,0
BRDA:501,63,1,0
BRDA:501,63,2,0
BRDA:539,64,0,0
BRDA:539,64,1,0
BRDA:543,65,0,0
BRDA:543,65,1,0
BRF:136
BRH:0
end_of_record
TN:
SF:src/pages/DashboardPage.tsx
FN:44,DashboardPage
FN:48,(anonymous_1)
FN:60,(anonymous_2)
FN:61,(anonymous_3)
FN:93,(anonymous_4)
FN:134,(anonymous_5)
FN:168,(anonymous_6)
FN:202,(anonymous_7)
FNF:8
FNH:0
FNDA:0,DashboardPage
FNDA:0,(anonymous_1)
FNDA:0,(anonymous_2)
FNDA:0,(anonymous_3)
FNDA:0,(anonymous_4)
FNDA:0,(anonymous_5)
FNDA:0,(anonymous_6)
FNDA:0,(anonymous_7)
DA:37,0
DA:45,0
DA:47,0
DA:48,0
DA:59,0
DA:60,0
DA:61,0
DA:71,0
DA:77,0
DA:83,0
DA:89,0
DA:90,0
DA:94,0
DA:107,0
DA:135,0
DA:169,0
DA:203,0
LF:17
LH:0
BRDA:49,0,0,0
BRDA:49,0,1,0
BRDA:50,1,0,0
BRDA:50,1,1,0
BRDA:51,2,0,0
BRDA:51,2,1,0
BRDA:52,3,0,0
BRDA:52,3,1,0
BRDA:53,4,0,0
BRDA:53,4,1,0
BRDA:54,5,0,0
BRDA:54,5,1,0
BRDA:61,6,0,0
BRDA:61,6,1,0
BRDA:89,7,0,0
BRDA:89,7,1,0
BRDA:109,8,0,0
BRDA:109,8,1,0
BRDA:121,9,0,0
BRDA:121,9,1,0
BRDA:126,10,0,0
BRDA:126,10,1,0
BRDA:164,11,0,0
BRDA:164,11,1,0
BRDA:171,12,0,0
BRDA:171,12,1,0
BRDA:173,13,0,0
BRDA:173,13,1,0
BRDA:219,14,0,0
BRDA:219,14,1,0
BRF:30
BRH:0
end_of_record
TN:
SF:src/pages/GithubCallbackPage.tsx
FN:6,GithubCallbackPage
FN:10,(anonymous_1)
FNF:2
FNH:0
FNDA:0,GithubCallbackPage
FNDA:0,(anonymous_1)
DA:7,0
DA:8,0
DA:10,0
DA:11,0
DA:12,0
DA:13,0
DA:14,0
DA:15,0
DA:16,0
DA:17,0
DA:19,0
DA:20,0
DA:21,0
DA:22,0
DA:25,0
DA:26,0
DA:27,0
DA:28,0
DA:31,0
DA:40,0
DA:41,0
DA:44,0
LF:22
LH:0
BRDA:16,0,0,0
BRDA:16,0,1,0
BRDA:17,1,0,0
BRDA:17,1,1,0
BRDA:19,2,0,0
BRDA:19,2,1,0
BRDA:25,3,0,0
BRDA:25,3,1,0
BRDA:25,4,0,0
BRDA:25,4,1,0
BRDA:25,4,2,0
BRF:11
BRH:0
end_of_record
TN:
SF:src/pages/GraphPage.tsx
FN:45,(anonymous_0)
FN:47,(anonymous_1)
FN:51,(anonymous_2)
FN:55,(anonymous_3)
FN:61,(anonymous_4)
FN:77,GraphPage
FN:102,(anonymous_6)
FN:105,(anonymous_7)
FN:111,(anonymous_8)
FN:123,(anonymous_9)
FN:127,(anonymous_10)
FN:141,(anonymous_11)
FN:148,(anonymous_12)
FN:167,(anonymous_13)
FN:177,(anonymous_14)
FN:192,(anonymous_15)
FN:227,(anonymous_16)
FN:230,(anonymous_17)
FN:255,(anonymous_18)
FN:266,(anonymous_19)
FN:277,(anonymous_20)
FN:288,(anonymous_21)
FN:299,(anonymous_22)
FN:351,(anonymous_23)
FN:379,(anonymous_24)
FN:386,(anonymous_25)
FN:414,(anonymous_26)
FN:434,(anonymous_27)
FN:459,(anonymous_28)
FN:497,(anonymous_29)
FN:505,(anonymous_30)
FN:507,(anonymous_31)
FNF:32
FNH:0
FNDA:0,(anonymous_0)
FNDA:0,(anonymous_1)
FNDA:0,(anonymous_2)
FNDA:0,(anonymous_3)
FNDA:0,(anonymous_4)
FNDA:0,GraphPage
FNDA:0,(anonymous_6)
FNDA:0,(anonymous_7)
FNDA:0,(anonymous_8)
FNDA:0,(anonymous_9)
FNDA:0,(anonymous_10)
FNDA:0,(anonymous_11)
FNDA:0,(anonymous_12)
FNDA:0,(anonymous_13)
FNDA:0,(anonymous_14)
FNDA:0,(anonymous_15)
FNDA:0,(anonymous_16)
FNDA:0,(anonymous_17)
FNDA:0,(anonymous_18)
FNDA:0,(anonymous_19)
FNDA:0,(anonymous_20)
FNDA:0,(anonymous_21)
FNDA:0,(anonymous_22)
FNDA:0,(anonymous_23)
FNDA:0,(anonymous_24)
FNDA:0,(anonymous_25)
FNDA:0,(anonymous_26)
FNDA:0,(anonymous_27)
FNDA:0,(anonymous_28)
FNDA:0,(anonymous_29)
FNDA:0,(anonymous_30)
FNDA:0,(anonymous_31)
DA:44,0
DA:45,0
DA:47,0
DA:48,0
DA:49,0
DA:51,0
DA:52,0
DA:55,0
DA:56,0
DA:59,0
DA:61,0
DA:62,0
DA:63,0
DA:74,0
DA:78,0
DA:79,0
DA:80,0
DA:81,0
DA:84,0
DA:85,0
DA:86,0
DA:89,0
DA:90,0
DA:91,0
DA:94,0
DA:95,0
DA:96,0
DA:99,0
DA:100,0
DA:102,0
DA:103,0
DA:104,0
DA:105,0
DA:110,0
DA:111,0
DA:112,0
DA:113,0
DA:115,0
DA:118,0
DA:119,0
DA:123,0
DA:124,0
DA:127,0
DA:128,0
DA:129,0
DA:130,0
DA:131,0
DA:132,0
DA:134,0
DA:135,0
DA:137,0
DA:138,0
DA:141,0
DA:148,0
DA:155,0
DA:156,0
DA:157,0
DA:160,0
DA:161,0
DA:163,0
DA:167,0
DA:168,0
DA:169,0
DA:171,0
DA:172,0
DA:173,0
DA:177,0
DA:178,0
DA:179,0
DA:180,0
DA:181,0
DA:182,0
DA:183,0
DA:185,0
DA:186,0
DA:188,0
DA:192,0
DA:193,0
DA:194,0
DA:195,0
DA:196,0
DA:197,0
DA:205,0
DA:207,0
DA:208,0
DA:209,0
DA:211,0
DA:215,0
DA:227,0
DA:231,0
DA:255,0
DA:266,0
DA:277,0
DA:288,0
DA:299,0
DA:352,0
DA:380,0
DA:387,0
DA:414,0
DA:435,0
DA:459,0
DA:498,0
DA:506,0
DA:508,0
LF:104
LH:0
BRDA:47,0,0,0
BRDA:65,1,0,0
BRDA:65,1,1,0
BRDA:66,2,0,0
BRDA:66,2,1,0
BRDA:108,3,0,0
BRDA:108,3,1,0
BRDA:112,4,0,0
BRDA:112,4,1,0
BRDA:112,5,0,0
BRDA:112,5,1,0
BRDA:128,6,0,0
BRDA:128,6,1,0
BRDA:144,7,0,0
BRDA:144,7,1,0
BRDA:168,8,0,0
BRDA:168,8,1,0
BRDA:179,9,0,0
BRDA:179,9,1,0
BRDA:179,10,0,0
BRDA:179,10,1,0
BRDA:194,11,0,0
BRDA:194,11,1,0
BRDA:194,12,0,0
BRDA:194,12,1,0
BRDA:234,13,0,0
BRDA:234,13,1,0
BRDA:235,14,0,0
BRDA:235,14,1,0
BRDA:240,15,0,0
BRDA:240,15,1,0
BRDA:246,16,0,0
BRDA:246,16,1,0
BRDA:246,17,0,0
BRDA:246,17,1,0
BRDA:257,18,0,0
BRDA:257,18,1,0
BRDA:268,19,0,0
BRDA:268,19,1,0
BRDA:279,20,0,0
BRDA:279,20,1,0
BRDA:290,21,0,0
BRDA:290,21,1,0
BRDA:301,22,0,0
BRDA:301,22,1,0
BRDA:313,23,0,0
BRDA:313,23,1,0
BRDA:315,24,0,0
BRDA:315,24,1,0
BRDA:335,25,0,0
BRDA:335,25,1,0
BRDA:339,26,0,0
BRDA:339,26,1,0
BRDA:368,27,0,0
BRDA:368,27,1,0
BRDA:372,28,0,0
BRDA:372,28,1,0
BRDA:389,29,0,0
BRDA:389,29,1,0
BRDA:400,30,0,0
BRDA:400,30,1,0
BRDA:419,31,0,0
BRDA:419,31,1,0
BRDA:424,32,0,0
BRDA:424,32,1,0
BRDA:429,33,0,0
BRDA:429,33,1,0
BRDA:447,34,0,0
BRDA:447,34,1,0
BRDA:465,35,0,0
BRDA:465,35,1,0
BRDA:472,36,0,0
BRDA:472,36,1,0
BRDA:474,37,0,0
BRDA:474,37,1,0
BRDA:490,38,0,0
BRDA:490,38,1,0
BRDA:509,39,0,0
BRDA:509,39,1,0
BRF:79
BRH:0
end_of_record
TN:
SF:src/pages/HealthPage.tsx
FN:45,(anonymous_0)
FN:46,(anonymous_1)
FN:67,HealthPage
FN:73,(anonymous_3)
FN:77,(anonymous_4)
FN:81,(anonymous_5)
FN:94,(anonymous_6)
FN:101,(anonymous_7)
FN:115,(anonymous_8)
FN:134,(anonymous_9)
FN:181,(anonymous_10)
FNF:11
FNH:0
FNDA:0,(anonymous_0)
FNDA:0,(anonymous_1)
FNDA:0,HealthPage
FNDA:0,(anonymous_3)
FNDA:0,(anonymous_4)
FNDA:0,(anonymous_5)
FNDA:0,(anonymous_6)
FNDA:0,(anonymous_7)
FNDA:0,(anonymous_8)
FNDA:0,(anonymous_9)
FNDA:0,(anonymous_10)
DA:45,0
DA:46,0
DA:47,0
DA:48,0
DA:68,0
DA:69,0
DA:70,0
DA:71,0
DA:73,0
DA:74,0
DA:75,0
DA:76,0
DA:77,0
DA:81,0
DA:82,0
DA:83,0
DA:84,0
DA:85,0
DA:86,0
DA:88,0
DA:90,0
DA:94,0
DA:95,0
DA:96,0
DA:97,0
DA:98,0
DA:101,0
DA:102,0
DA:103,0
DA:104,0
DA:107,0
DA:108,0
DA:116,0
DA:123,0
DA:124,0
DA:134,0
DA:136,0
DA:182,0
DA:183,0
LF:39
LH:0
BRDA:46,0,0,0
BRDA:46,0,1,0
BRDA:47,1,0,0
BRDA:47,1,1,0
BRDA:47,2,0,0
BRDA:47,2,1,0
BRDA:50,3,0,0
BRDA:50,3,1,0
BRDA:52,4,0,0
BRDA:52,4,1,0
BRDA:53,5,0,0
BRDA:53,5,1,0
BRDA:53,6,0,0
BRDA:53,6,1,0
BRDA:54,7,0,0
BRDA:54,7,1,0
BRDA:55,8,0,0
BRDA:55,8,1,0
BRDA:55,9,0,0
BRDA:55,9,1,0
BRDA:57,10,0,0
BRDA:57,10,1,0
BRDA:58,11,0,0
BRDA:58,11,1,0
BRDA:60,12,0,0
BRDA:60,12,1,0
BRDA:61,13,0,0
BRDA:61,13,1,0
BRDA:62,14,0,0
BRDA:62,14,1,0
BRDA:75,15,0,0
BRDA:75,15,1,0
BRDA:95,16,0,0
BRDA:95,16,1,0
BRDA:96,17,0,0
BRDA:96,17,1,0
BRDA:97,18,0,0
BRDA:97,18,1,0
BRDA:102,19,0,0
BRDA:102,19,1,0
BRDA:103,20,0,0
BRDA:103,20,1,0
BRDA:107,21,0,0
BRDA:107,21,1,0
BRDA:107,22,0,0
BRDA:107,22,1,0
BRDA:123,23,0,0
BRDA:123,23,1,0
BRDA:150,24,0,0
BRDA:150,24,1,0
BRDA:157,25,0,0
BRDA:157,25,1,0
BRDA:157,26,0,0
BRDA:157,26,1,0
BRDA:164,27,0,0
BRDA:164,27,1,0
BRDA:174,28,0,0
BRDA:174,28,1,0
BRDA:188,29,0,0
BRDA:188,29,1,0
BRDA:189,30,0,0
BRDA:189,30,1,0
BRDA:197,31,0,0
BRDA:197,31,1,0
BRDA:203,32,0,0
BRDA:203,32,1,0
BRDA:228,33,0,0
BRDA:228,33,1,0
BRDA:228,34,0,0
BRDA:228,34,1,0
BRF:70
BRH:0
end_of_record
TN:
SF:src/pages/LoginPage.tsx
FN:20,LoginPage
FN:35,(anonymous_1)
FN:44,(anonymous_2)
FN:58,(anonymous_3)
FN:120,(anonymous_4)
FNF:5
FNH:0
FNDA:0,LoginPage
FNDA:0,(anonymous_1)
FNDA:0,(anonymous_2)
FNDA:0,(anonymous_3)
FNDA:0,(anonymous_4)
DA:13,0
DA:21,0
DA:22,0
DA:23,0
DA:24,0
DA:30,0
DA:35,0
DA:36,0
DA:37,0
DA:38,0
DA:40,0
DA:44,0
DA:45,0
DA:46,0
DA:47,0
DA:48,0
DA:49,0
DA:50,0
DA:51,0
DA:53,0
DA:54,0
DA:58,0
DA:59,0
DA:60,0
DA:61,0
DA:62,0
DA:63,0
DA:67,0
DA:120,0
LF:29
LH:0
BRDA:24,0,0,0
BRDA:24,0,1,0
BRDA:40,1,0,0
BRDA:40,1,1,0
BRDA:48,2,0,0
BRDA:48,2,1,0
BRDA:50,3,0,0
BRDA:50,3,1,0
BRDA:50,4,0,0
BRDA:50,4,1,0
BRDA:54,5,0,0
BRDA:54,5,1,0
BRDA:61,6,0,0
BRDA:61,6,1,0
BRDA:97,7,0,0
BRDA:97,7,1,0
BRDA:99,8,0,0
BRDA:99,8,1,0
BRDA:111,9,0,0
BRDA:111,9,1,0
BRDA:115,10,0,0
BRDA:115,10,1,0
BRDA:123,11,0,0
BRDA:123,11,1,0
BRDA:126,12,0,0
BRDA:126,12,1,0
BRDA:132,13,0,0
BRDA:132,13,1,0
BRDA:153,14,0,0
BRDA:153,14,1,0
BRDA:157,15,0,0
BRDA:157,15,1,0
BRF:32
BRH:0
end_of_record
TN:
SF:src/pages/OperationsPage.tsx
FN:5,OperationsPage
FN:14,(anonymous_1)
FN:35,(anonymous_2)
FN:36,(anonymous_3)
FN:37,(anonymous_4)
FN:40,(anonymous_5)
FN:40,(anonymous_6)
FN:43,(anonymous_7)
FN:43,(anonymous_8)
FN:46,(anonymous_9)
FN:46,(anonymous_10)
FN:49,(anonymous_11)
FN:49,(anonymous_12)
FN:58,(anonymous_13)
FN:59,(anonymous_14)
FN:62,(anonymous_15)
FN:62,(anonymous_16)
FN:65,(anonymous_17)
FN:65,(anonymous_18)
FN:68,(anonymous_19)
FN:68,(anonymous_20)
FN:77,(anonymous_21)
FN:80,(anonymous_22)
FN:80,(anonymous_23)
FN:83,(anonymous_24)
FN:83,(anonymous_25)
FN:86,(anonymous_26)
FN:86,(anonymous_27)
FN:89,(anonymous_28)
FN:89,(anonymous_29)
FN:92,(anonymous_30)
FN:92,(anonymous_31)
FN:95,(anonymous_32)
FN:95,(anonymous_33)
FN:104,(anonymous_34)
FN:105,(anonymous_35)
FN:108,(anonymous_36)
FN:108,(anonymous_37)
FN:111,(anonymous_38)
FN:111,(anonymous_39)
FN:114,(anonymous_40)
FN:114,(anonymous_41)
FNF:42
FNH:0
FNDA:0,OperationsPage
FNDA:0,(anonymous_1)
FNDA:0,(anonymous_2)
FNDA:0,(anonymous_3)
FNDA:0,(anonymous_4)
FNDA:0,(anonymous_5)
FNDA:0,(anonymous_6)
FNDA:0,(anonymous_7)
FNDA:0,(anonymous_8)
FNDA:0,(anonymous_9)
FNDA:0,(anonymous_10)
FNDA:0,(anonymous_11)
FNDA:0,(anonymous_12)
FNDA:0,(anonymous_13)
FNDA:0,(anonymous_14)
FNDA:0,(anonymous_15)
FNDA:0,(anonymous_16)
FNDA:0,(anonymous_17)
FNDA:0,(anonymous_18)
FNDA:0,(anonymous_19)
FNDA:0,(anonymous_20)
FNDA:0,(anonymous_21)
FNDA:0,(anonymous_22)
FNDA:0,(anonymous_23)
FNDA:0,(anonymous_24)
FNDA:0,(anonymous_25)
FNDA:0,(anonymous_26)
FNDA:0,(anonymous_27)
FNDA:0,(anonymous_28)
FNDA:0,(anonymous_29)
FNDA:0,(anonymous_30)
FNDA:0,(anonymous_31)
FNDA:0,(anonymous_32)
FNDA:0,(anonymous_33)
FNDA:0,(anonymous_34)
FNDA:0,(anonymous_35)
FNDA:0,(anonymous_36)
FNDA:0,(anonymous_37)
FNDA:0,(anonymous_38)
FNDA:0,(anonymous_39)
FNDA:0,(anonymous_40)
FNDA:0,(anonymous_41)
DA:6,0
DA:7,0
DA:8,0
DA:9,0
DA:10,0
DA:11,0
DA:12,0
DA:14,0
DA:15,0
DA:16,0
DA:17,0
DA:18,0
DA:20,0
DA:21,0
DA:25,0
DA:35,0
DA:36,0
DA:37,0
DA:40,0
DA:43,0
DA:46,0
DA:49,0
DA:58,0
DA:59,0
DA:62,0
DA:65,0
DA:68,0
DA:77,0
DA:80,0
DA:83,0
DA:86,0
DA:89,0
DA:92,0
DA:95,0
DA:104,0
DA:105,0
DA:108,0
DA:111,0
DA:114,0
LF:39
LH:0
BRDA:40,0,0,0
BRDA:40,0,1,0
BRDA:43,1,0,0
BRDA:43,1,1,0
BRDA:62,2,0,0
BRDA:62,2,1,0
BRDA:122,3,0,0
BRDA:122,3,1,0
BRF:8
BRH:0
end_of_record
TN:
SF:src/pages/PrReviewsPage.tsx
FN:91,ScoreBadge
FN:104,RecommendationBanner
FN:123,FindingsTable
FN:127,(anonymous_3)
FN:129,(anonymous_4)
FN:133,(anonymous_5)
FN:138,(anonymous_6)
FN:141,(anonymous_7)
FN:158,(anonymous_8)
FN:171,(anonymous_9)
FN:220,ReviewDetailPanel
FN:221,(anonymous_11)
FN:286,(anonymous_12)
FN:290,(anonymous_13)
FN:326,PrReviewsPage
FN:336,(anonymous_15)
FN:338,(anonymous_16)
FN:352,(anonymous_17)
FN:356,(anonymous_18)
FN:376,(anonymous_19)
FN:390,(anonymous_20)
FN:419,(anonymous_21)
FN:428,(anonymous_22)
FN:434,(anonymous_23)
FN:453,(anonymous_24)
FN:456,(anonymous_25)
FN:495,(anonymous_26)
FN:509,(anonymous_27)
FNF:28
FNH:0
FNDA:0,ScoreBadge
FNDA:0,RecommendationBanner
FNDA:0,FindingsTable
FNDA:0,(anonymous_3)
FNDA:0,(anonymous_4)
FNDA:0,(anonymous_5)
FNDA:0,(anonymous_6)
FNDA:0,(anonymous_7)
FNDA:0,(anonymous_8)
FNDA:0,(anonymous_9)
FNDA:0,ReviewDetailPanel
FNDA:0,(anonymous_11)
FNDA:0,(anonymous_12)
FNDA:0,(anonymous_13)
FNDA:0,PrReviewsPage
FNDA:0,(anonymous_15)
FNDA:0,(anonymous_16)
FNDA:0,(anonymous_17)
FNDA:0,(anonymous_18)
FNDA:0,(anonymous_19)
FNDA:0,(anonymous_20)
FNDA:0,(anonymous_21)
FNDA:0,(anonymous_22)
FNDA:0,(anonymous_23)
FNDA:0,(anonymous_24)
FNDA:0,(anonymous_25)
FNDA:0,(anonymous_26)
FNDA:0,(anonymous_27)
DA:76,0
DA:83,0
DA:93,0
DA:97,0
DA:105,0
DA:111,0
DA:112,0
DA:124,0
DA:125,0
DA:127,0
DA:128,0
DA:129,0
DA:130,0
DA:133,0
DA:135,0
DA:139,0
DA:141,0
DA:159,0
DA:160,0
DA:161,0
DA:162,0
DA:163,0
DA:165,0
DA:171,0
DA:221,0
DA:222,0
DA:223,0
DA:224,0
DA:225,0
DA:227,0
DA:230,0
DA:231,0
DA:232,0
DA:234,0
DA:286,0
DA:290,0
DA:327,0
DA:328,0
DA:329,0
DA:330,0
DA:331,0
DA:332,0
DA:333,0
DA:334,0
DA:336,0
DA:338,0
DA:339,0
DA:340,0
DA:344,0
DA:345,0
DA:347,0
DA:348,0
DA:352,0
DA:353,0
DA:356,0
DA:357,0
DA:358,0
DA:359,0
DA:360,0
DA:365,0
DA:366,0
DA:367,0
DA:369,0
DA:370,0
DA:372,0
DA:376,0
DA:377,0
DA:378,0
DA:379,0
DA:380,0
DA:383,0
DA:385,0
DA:386,0
DA:390,0
DA:391,0
DA:397,0
DA:400,0
DA:419,0
DA:428,0
DA:434,0
DA:454,0
DA:456,0
DA:495,0
DA:510,0
LF:84
LH:0
BRDA:93,0,0,0
BRDA:93,0,1,0
BRDA:94,1,0,0
BRDA:94,1,1,0
BRDA:105,2,0,0
BRDA:105,2,1,0
BRDA:117,3,0,0
BRDA:117,3,1,0
BRDA:129,4,0,0
BRDA:129,4,1,0
BRDA:133,5,0,0
BRDA:133,5,1,0
BRDA:143,6,0,0
BRDA:143,6,1,0
BRDA:148,7,0,0
BRDA:148,7,1,0
BRDA:149,8,0,0
BRDA:149,8,1,0
BRDA:154,9,0,0
BRDA:154,9,1,0
BRDA:159,10,0,0
BRDA:159,10,1,0
BRDA:171,11,0,0
BRDA:171,11,1,0
BRDA:180,12,0,0
BRDA:180,12,1,0
BRDA:180,12,2,0
BRDA:192,13,0,0
BRDA:192,13,1,0
BRDA:193,14,0,0
BRDA:193,14,1,0
BRDA:196,15,0,0
BRDA:196,15,1,0
BRDA:201,16,0,0
BRDA:201,16,1,0
BRDA:222,17,0,0
BRDA:222,17,1,0
BRDA:224,18,0,0
BRDA:224,18,1,0
BRDA:224,19,0,0
BRDA:224,19,1,0
BRDA:224,19,2,0
BRDA:225,20,0,0
BRDA:225,20,1,0
BRDA:230,21,0,0
BRDA:230,21,1,0
BRDA:230,22,0,0
BRDA:230,22,1,0
BRDA:231,23,0,0
BRDA:231,23,1,0
BRDA:231,23,2,0
BRDA:232,24,0,0
BRDA:232,24,1,0
BRDA:232,24,2,0
BRDA:244,25,0,0
BRDA:244,25,1,0
BRDA:253,26,0,0
BRDA:253,26,1,0
BRDA:253,26,2,0
BRDA:256,27,0,0
BRDA:256,27,1,0
BRDA:256,27,2,0
BRDA:272,28,0,0
BRDA:272,28,1,0
BRDA:295,29,0,0
BRDA:295,29,1,0
BRDA:295,29,2,0
BRDA:299,30,0,0
BRDA:299,30,1,0
BRDA:299,30,2,0
BRDA:304,31,0,0
BRDA:304,31,1,0
BRDA:305,32,0,0
BRDA:305,32,1,0
BRDA:306,33,0,0
BRDA:306,33,1,0
BRDA:311,34,0,0
BRDA:311,34,1,0
BRDA:336,35,0,0
BRDA:336,35,1,0
BRDA:357,36,0,0
BRDA:357,36,1,0
BRDA:379,37,0,0
BRDA:379,37,1,0
BRDA:379,38,0,0
BRDA:379,38,1,0
BRDA:397,39,0,0
BRDA:397,39,1,0
BRDA:439,40,0,0
BRDA:439,40,1,0
BRDA:440,41,0,0
BRDA:440,41,1,0
BRDA:441,42,0,0
BRDA:441,42,1,0
BRDA:450,43,0,0
BRDA:450,43,1,0
BRDA:458,44,0,0
BRDA:458,44,1,0
BRDA:458,45,0,0
BRDA:458,45,1,0
BRDA:481,46,0,0
BRDA:481,46,1,0
BRDA:501,47,0,0
BRDA:501,47,1,0
BRDA:504,48,0,0
BRDA:504,48,1,0
BRDA:506,49,0,0
BRDA:506,49,1,0
BRDA:515,50,0,0
BRDA:515,50,1,0
BRDA:516,51,0,0
BRDA:516,51,1,0
BRF:112
BRH:0
end_of_record
TN:
SF:src/pages/RepoDetailPage.tsx
FN:56,RepoDetailPage
FN:64,(anonymous_1)
FN:70,(anonymous_2)
FN:78,(anonymous_3)
FN:79,(anonymous_4)
FN:80,(anonymous_5)
FN:97,(anonymous_6)
FN:99,(anonymous_7)
FN:106,(anonymous_8)
FN:129,(anonymous_9)
FN:143,(anonymous_10)
FN:290,(anonymous_11)
FN:304,(anonymous_12)
FNF:13
FNH:0
FNDA:0,RepoDetailPage
FNDA:0,(anonymous_1)
FNDA:0,(anonymous_2)
FNDA:0,(anonymous_3)
FNDA:0,(anonymous_4)
FNDA:0,(anonymous_5)
FNDA:0,(anonymous_6)
FNDA:0,(anonymous_7)
FNDA:0,(anonymous_8)
FNDA:0,(anonymous_9)
FNDA:0,(anonymous_10)
FNDA:0,(anonymous_11)
FNDA:0,(anonymous_12)
DA:57,0
DA:58,0
DA:59,0
DA:60,0
DA:61,0
DA:62,0
DA:64,0
DA:65,0
DA:66,0
DA:67,0
DA:68,0
DA:70,0
DA:72,0
DA:73,0
DA:76,0
DA:77,0
DA:78,0
DA:79,0
DA:80,0
DA:82,0
DA:90,0
DA:91,0
DA:93,0
DA:97,0
DA:99,0
DA:100,0
DA:101,0
DA:102,0
DA:103,0
DA:104,0
DA:106,0
DA:107,0
DA:108,0
DA:109,0
DA:110,0
DA:111,0
DA:112,0
DA:113,0
DA:114,0
DA:116,0
DA:119,0
DA:122,0
DA:124,0
DA:125,0
DA:129,0
DA:130,0
DA:131,0
DA:132,0
DA:133,0
DA:136,0
DA:138,0
DA:139,0
DA:143,0
DA:149,0
DA:150,0
DA:159,0
DA:291,0
DA:305,0
LF:58
LH:0
BRDA:65,0,0,0
BRDA:65,0,1,0
BRDA:83,1,0,0
BRDA:83,1,1,0
BRDA:84,2,0,0
BRDA:84,2,1,0
BRDA:85,3,0,0
BRDA:85,3,1,0
BRDA:86,4,0,0
BRDA:86,4,1,0
BRDA:100,5,0,0
BRDA:100,5,1,0
BRDA:110,6,0,0
BRDA:110,6,1,0
BRDA:111,7,0,0
BRDA:111,7,1,0
BRDA:111,8,0,0
BRDA:111,8,1,0
BRDA:111,8,2,0
BRDA:111,8,3,0
BRDA:113,9,0,0
BRDA:113,9,1,0
BRDA:130,10,0,0
BRDA:130,10,1,0
BRDA:131,11,0,0
BRDA:131,11,1,0
BRDA:131,12,0,0
BRDA:131,12,1,0
BRDA:131,12,2,0
BRDA:132,13,0,0
BRDA:132,13,1,0
BRDA:133,14,0,0
BRDA:133,14,1,0
BRDA:138,15,0,0
BRDA:138,15,1,0
BRDA:149,16,0,0
BRDA:149,16,1,0
BRDA:168,17,0,0
BRDA:168,17,1,0
BRDA:179,18,0,0
BRDA:179,18,1,0
BRDA:180,19,0,0
BRDA:180,19,1,0
BRDA:188,20,0,0
BRDA:188,20,1,0
BRDA:189,21,0,0
BRDA:189,21,1,0
BRDA:190,22,0,0
BRDA:190,22,1,0
BRDA:203,23,0,0
BRDA:203,23,1,0
BRDA:203,23,2,0
BRDA:212,24,0,0
BRDA:212,24,1,0
BRDA:221,25,0,0
BRDA:221,25,1,0
BRDA:241,26,0,0
BRDA:241,26,1,0
BRDA:247,27,0,0
BRDA:247,27,1,0
BRDA:253,28,0,0
BRDA:253,28,1,0
BRDA:253,29,0,0
BRDA:253,29,1,0
BRDA:256,30,0,0
BRDA:256,30,1,0
BRDA:256,30,2,0
BRDA:259,31,0,0
BRDA:259,31,1,0
BRDA:267,32,0,0
BRDA:267,32,1,0
BRDA:267,33,0,0
BRDA:267,33,1,0
BRDA:278,34,0,0
BRDA:278,34,1,0
BRDA:283,35,0,0
BRDA:283,35,1,0
BRDA:286,36,0,0
BRDA:286,36,1,0
BRDA:300,37,0,0
BRDA:300,37,1,0
BRF:81
BRH:0
end_of_record
TN:
SF:src/pages/ReposPage.tsx
FN:43,(anonymous_0)
FN:54,ReposPage
FN:74,(anonymous_2)
FN:78,(anonymous_3)
FN:81,(anonymous_4)
FN:88,(anonymous_5)
FN:101,(anonymous_6)
FN:112,(anonymous_7)
FN:122,(anonymous_8)
FN:132,(anonymous_9)
FN:143,(anonymous_10)
FN:143,(anonymous_11)
FN:154,(anonymous_12)
FN:156,(anonymous_13)
FN:159,(anonymous_14)
FN:159,(anonymous_15)
FN:165,(anonymous_16)
FN:176,(anonymous_17)
FN:176,(anonymous_18)
FN:183,(anonymous_19)
FN:200,(anonymous_20)
FN:213,(anonymous_21)
FN:221,(anonymous_22)
FN:227,(anonymous_23)
FN:227,(anonymous_24)
FN:235,(anonymous_25)
FN:241,(anonymous_26)
FN:241,(anonymous_27)
FN:249,(anonymous_28)
FN:262,(anonymous_29)
FN:287,(anonymous_30)
FN:313,(anonymous_31)
FN:343,(anonymous_32)
FN:357,(anonymous_33)
FN:371,(anonymous_34)
FN:431,(anonymous_35)
FN:440,(anonymous_36)
FN:448,(anonymous_37)
FN:455,(anonymous_38)
FN:474,(anonymous_39)
FN:488,(anonymous_40)
FN:495,(anonymous_41)
FN:510,(anonymous_42)
FN:510,(anonymous_43)
FN:524,(anonymous_44)
FN:524,(anonymous_45)
FN:538,(anonymous_46)
FN:538,(anonymous_47)
FN:551,(anonymous_48)
FN:551,(anonymous_49)
FN:563,(anonymous_50)
FN:585,(anonymous_51)
FN:592,(anonymous_52)
FN:607,(anonymous_53)
FN:607,(anonymous_54)
FN:620,(anonymous_55)
FN:620,(anonymous_56)
FN:634,(anonymous_57)
FN:634,(anonymous_58)
FN:643,(anonymous_59)
FNF:60
FNH:0
FNDA:0,(anonymous_0)
FNDA:0,ReposPage
FNDA:0,(anonymous_2)
FNDA:0,(anonymous_3)
FNDA:0,(anonymous_4)
FNDA:0,(anonymous_5)
FNDA:0,(anonymous_6)
FNDA:0,(anonymous_7)
FNDA:0,(anonymous_8)
FNDA:0,(anonymous_9)
FNDA:0,(anonymous_10)
FNDA:0,(anonymous_11)
FNDA:0,(anonymous_12)
FNDA:0,(anonymous_13)
FNDA:0,(anonymous_14)
FNDA:0,(anonymous_15)
FNDA:0,(anonymous_16)
FNDA:0,(anonymous_17)
FNDA:0,(anonymous_18)
FNDA:0,(anonymous_19)
FNDA:0,(anonymous_20)
FNDA:0,(anonymous_21)
FNDA:0,(anonymous_22)
FNDA:0,(anonymous_23)
FNDA:0,(anonymous_24)
FNDA:0,(anonymous_25)
FNDA:0,(anonymous_26)
FNDA:0,(anonymous_27)
FNDA:0,(anonymous_28)
FNDA:0,(anonymous_29)
FNDA:0,(anonymous_30)
FNDA:0,(anonymous_31)
FNDA:0,(anonymous_32)
FNDA:0,(anonymous_33)
FNDA:0,(anonymous_34)
FNDA:0,(anonymous_35)
FNDA:0,(anonymous_36)
FNDA:0,(anonymous_37)
FNDA:0,(anonymous_38)
FNDA:0,(anonymous_39)
FNDA:0,(anonymous_40)
FNDA:0,(anonymous_41)
FNDA:0,(anonymous_42)
FNDA:0,(anonymous_43)
FNDA:0,(anonymous_44)
FNDA:0,(anonymous_45)
FNDA:0,(anonymous_46)
FNDA:0,(anonymous_47)
FNDA:0,(anonymous_48)
FNDA:0,(anonymous_49)
FNDA:0,(anonymous_50)
FNDA:0,(anonymous_51)
FNDA:0,(anonymous_52)
FNDA:0,(anonymous_53)
FNDA:0,(anonymous_54)
FNDA:0,(anonymous_55)
FNDA:0,(anonymous_56)
FNDA:0,(anonymous_57)
FNDA:0,(anonymous_58)
FNDA:0,(anonymous_59)
DA:43,0
DA:55,0
DA:56,0
DA:57,0
DA:58,0
DA:59,0
DA:60,0
DA:62,0
DA:68,0
DA:74,0
DA:75,0
DA:78,0
DA:79,0
DA:81,0
DA:82,0
DA:83,0
DA:84,0
DA:85,0
DA:88,0
DA:89,0
DA:90,0
DA:91,0
DA:92,0
DA:94,0
DA:95,0
DA:97,0
DA:101,0
DA:102,0
DA:104,0
DA:105,0
DA:111,0
DA:112,0
DA:113,0
DA:114,0
DA:115,0
DA:117,0
DA:118,0
DA:122,0
DA:123,0
DA:124,0
DA:129,0
DA:132,0
DA:133,0
DA:134,0
DA:136,0
DA:137,0
DA:142,0
DA:143,0
DA:144,0
DA:145,0
DA:146,0
DA:147,0
DA:149,0
DA:150,0
DA:154,0
DA:155,0
DA:156,0
DA:158,0
DA:159,0
DA:160,0
DA:162,0
DA:165,0
DA:166,0
DA:167,0
DA:168,0
DA:170,0
DA:176,0
DA:177,0
DA:182,0
DA:183,0
DA:184,0
DA:185,0
DA:186,0
DA:189,0
DA:190,0
DA:192,0
DA:196,0
DA:199,0
DA:200,0
DA:201,0
DA:202,0
DA:203,0
DA:208,0
DA:211,0
DA:212,0
DA:213,0
DA:214,0
DA:215,0
DA:216,0
DA:221,0
DA:222,0
DA:223,0
DA:225,0
DA:226,0
DA:227,0
DA:228,0
DA:230,0
DA:231,0
DA:235,0
DA:236,0
DA:237,0
DA:239,0
DA:240,0
DA:241,0
DA:242,0
DA:244,0
DA:245,0
DA:249,0
DA:250,0
DA:252,0
DA:254,0
DA:256,0
DA:258,0
DA:262,0
DA:263,0
DA:265,0
DA:267,0
DA:269,0
DA:271,0
DA:275,0
DA:276,0
DA:288,0
DA:303,0
DA:313,0
DA:343,0
DA:357,0
DA:372,0
DA:431,0
DA:440,0
DA:448,0
DA:455,0
DA:474,0
DA:488,0
DA:495,0
DA:510,0
DA:524,0
DA:538,0
DA:551,0
DA:563,0
DA:585,0
DA:592,0
DA:607,0
DA:620,0
DA:634,0
DA:643,0
LF:145
LH:0
BRDA:46,0,0,0
BRDA:46,0,1,0
BRDA:48,1,0,0
BRDA:48,1,1,0
BRDA:79,2,0,0
BRDA:79,2,1,0
BRDA:79,2,2,0
BRDA:79,2,3,0
BRDA:82,3,0,0
BRDA:82,3,1,0
BRDA:83,4,0,0
BRDA:83,4,1,0
BRDA:83,5,0,0
BRDA:83,5,1,0
BRDA:83,5,2,0
BRDA:84,6,0,0
BRDA:84,6,1,0
BRDA:107,7,0,0
BRDA:107,7,1,0
BRDA:108,8,0,0
BRDA:108,8,1,0
BRDA:109,9,0,0
BRDA:109,9,1,0
BRDA:125,10,0,0
BRDA:125,10,1,0
BRDA:134,11,0,0
BRDA:134,11,1,0
BRDA:140,12,0,0
BRDA:140,12,1,0
BRDA:143,13,0,0
BRDA:143,13,1,0
BRDA:160,14,0,0
BRDA:160,14,1,0
BRDA:168,15,0,0
BRDA:168,15,1,0
BRDA:170,16,0,0
BRDA:170,16,1,0
BRDA:172,17,0,0
BRDA:172,17,1,0
BRDA:177,18,0,0
BRDA:177,18,1,0
BRDA:182,19,0,0
BRDA:182,19,1,0
BRDA:182,20,0,0
BRDA:182,20,1,0
BRDA:189,21,0,0
BRDA:189,21,1,0
BRDA:222,22,0,0
BRDA:222,22,1,0
BRDA:236,23,0,0
BRDA:236,23,1,0
BRDA:250,24,0,0
BRDA:250,24,1,0
BRDA:250,24,2,0
BRDA:250,24,3,0
BRDA:263,25,0,0
BRDA:263,25,1,0
BRDA:263,25,2,0
BRDA:263,25,3,0
BRDA:275,26,0,0
BRDA:275,26,1,0
BRDA:401,27,0,0
BRDA:401,27,1,0
BRDA:408,28,0,0
BRDA:408,28,1,0
BRDA:414,29,0,0
BRDA:414,29,1,0
BRDA:419,30,0,0
BRDA:419,30,1,0
BRDA:432,31,0,0
BRDA:432,31,1,0
BRDA:435,32,0,0
BRDA:435,32,1,0
BRDA:466,33,0,0
BRDA:466,33,1,0
BRDA:485,34,0,0
BRDA:485,34,1,0
BRDA:582,35,0,0
BRDA:582,35,1,0
BRF:79
BRH:0
end_of_record
TN:
SF:src/pages/SettingsPage.tsx
FN:88,PreferencesTab
FN:95,(anonymous_1)
FN:118,AdminConfigTab
FN:155,(anonymous_3)
FN:159,(anonymous_4)
FN:170,(anonymous_5)
FN:171,(anonymous_6)
FN:175,(anonymous_7)
FN:176,(anonymous_8)
FN:193,(anonymous_9)
FN:210,LlmConfigTab
FN:237,(anonymous_11)
FN:237,(anonymous_12)
FN:241,(anonymous_13)
FN:241,(anonymous_14)
FN:245,(anonymous_15)
FN:245,(anonymous_16)
FN:249,(anonymous_17)
FN:249,(anonymous_18)
FN:253,(anonymous_19)
FN:253,(anonymous_20)
FN:257,(anonymous_21)
FN:257,(anonymous_22)
FN:269,GitHubTab
FN:310,(anonymous_24)
FN:311,(anonymous_25)
FN:320,(anonymous_26)
FN:321,(anonymous_27)
FN:333,(anonymous_28)
FN:337,(anonymous_29)
FN:357,McpToolsTab
FN:386,(anonymous_31)
FN:389,(anonymous_32)
FN:391,(anonymous_33)
FN:395,(anonymous_34)
FN:400,(anonymous_35)
FN:403,(anonymous_36)
FN:404,(anonymous_37)
FN:415,(anonymous_38)
FN:419,(anonymous_39)
FN:435,AuditLogTab
FN:441,(anonymous_41)
FN:456,SettingsPage
FN:468,(anonymous_43)
FN:485,(anonymous_44)
FN:487,(anonymous_45)
FN:497,(anonymous_46)
FN:511,(anonymous_47)
FN:513,(anonymous_48)
FN:524,(anonymous_49)
FN:533,(anonymous_50)
FN:534,(anonymous_51)
FN:535,(anonymous_52)
FN:538,(anonymous_53)
FN:547,(anonymous_54)
FN:556,(anonymous_55)
FN:567,(anonymous_56)
FN:571,(anonymous_57)
FN:576,(anonymous_58)
FN:584,(anonymous_59)
FN:593,(anonymous_60)
FN:603,(anonymous_61)
FN:612,(anonymous_62)
FN:633,(anonymous_63)
FN:639,(anonymous_64)
FNF:65
FNH:0
FNDA:0,PreferencesTab
FNDA:0,(anonymous_1)
FNDA:0,AdminConfigTab
FNDA:0,(anonymous_3)
FNDA:0,(anonymous_4)
FNDA:0,(anonymous_5)
FNDA:0,(anonymous_6)
FNDA:0,(anonymous_7)
FNDA:0,(anonymous_8)
FNDA:0,(anonymous_9)
FNDA:0,LlmConfigTab
FNDA:0,(anonymous_11)
FNDA:0,(anonymous_12)
FNDA:0,(anonymous_13)
FNDA:0,(anonymous_14)
FNDA:0,(anonymous_15)
FNDA:0,(anonymous_16)
FNDA:0,(anonymous_17)
FNDA:0,(anonymous_18)
FNDA:0,(anonymous_19)
FNDA:0,(anonymous_20)
FNDA:0,(anonymous_21)
FNDA:0,(anonymous_22)
FNDA:0,GitHubTab
FNDA:0,(anonymous_24)
FNDA:0,(anonymous_25)
FNDA:0,(anonymous_26)
FNDA:0,(anonymous_27)
FNDA:0,(anonymous_28)
FNDA:0,(anonymous_29)
FNDA:0,McpToolsTab
FNDA:0,(anonymous_31)
FNDA:0,(anonymous_32)
FNDA:0,(anonymous_33)
FNDA:0,(anonymous_34)
FNDA:0,(anonymous_35)
FNDA:0,(anonymous_36)
FNDA:0,(anonymous_37)
FNDA:0,(anonymous_38)
FNDA:0,(anonymous_39)
FNDA:0,AuditLogTab
FNDA:0,(anonymous_41)
FNDA:0,SettingsPage
FNDA:0,(anonymous_43)
FNDA:0,(anonymous_44)
FNDA:0,(anonymous_45)
FNDA:0,(anonymous_46)
FNDA:0,(anonymous_47)
FNDA:0,(anonymous_48)
FNDA:0,(anonymous_49)
FNDA:0,(anonymous_50)
FNDA:0,(anonymous_51)
FNDA:0,(anonymous_52)
FNDA:0,(anonymous_53)
FNDA:0,(anonymous_54)
FNDA:0,(anonymous_55)
FNDA:0,(anonymous_56)
FNDA:0,(anonymous_57)
FNDA:0,(anonymous_58)
FNDA:0,(anonymous_59)
FNDA:0,(anonymous_60)
FNDA:0,(anonymous_61)
FNDA:0,(anonymous_62)
FNDA:0,(anonymous_63)
FNDA:0,(anonymous_64)
DA:77,0
DA:89,0
DA:91,0
DA:96,0
DA:97,0
DA:147,0
DA:155,0
DA:159,0
DA:170,0
DA:172,0
DA:175,0
DA:176,0
DA:194,0
DA:225,0
DA:237,0
DA:241,0
DA:245,0
DA:249,0
DA:253,0
DA:257,0
DA:300,0
DA:310,0
DA:311,0
DA:320,0
DA:321,0
DA:334,0
DA:337,0
DA:378,0
DA:387,0
DA:388,0
DA:389,0
DA:390,0
DA:391,0
DA:392,0
DA:395,0
DA:400,0
DA:403,0
DA:404,0
DA:416,0
DA:419,0
DA:436,0
DA:437,0
DA:439,0
DA:442,0
DA:457,0
DA:458,0
DA:459,0
DA:460,0
DA:461,0
DA:462,0
DA:463,0
DA:464,0
DA:465,0
DA:466,0
DA:467,0
DA:468,0
DA:470,0
DA:471,0
DA:472,0
DA:473,0
DA:474,0
DA:475,0
DA:476,0
DA:477,0
DA:478,0
DA:479,0
DA:480,0
DA:481,0
DA:482,0
DA:483,0
DA:485,0
DA:487,0
DA:488,0
DA:489,0
DA:490,0
DA:495,0
DA:496,0
DA:497,0
DA:498,0
DA:500,0
DA:502,0
DA:503,0
DA:504,0
DA:505,0
DA:509,0
DA:510,0
DA:511,0
DA:512,0
DA:513,0
DA:514,0
DA:517,0
DA:518,0
DA:520,0
DA:524,0
DA:525,0
DA:526,0
DA:527,0
DA:529,0
DA:533,0
DA:534,0
DA:535,0
DA:536,0
DA:538,0
DA:539,0
DA:540,0
DA:541,0
DA:542,0
DA:543,0
DA:547,0
DA:548,0
DA:549,0
DA:550,0
DA:551,0
DA:552,0
DA:553,0
DA:556,0
DA:557,0
DA:558,0
DA:559,0
DA:560,0
DA:561,0
DA:562,0
DA:563,0
DA:564,0
DA:567,0
DA:568,0
DA:569,0
DA:570,0
DA:571,0
DA:572,0
DA:573,0
DA:576,0
DA:577,0
DA:578,0
DA:579,0
DA:580,0
DA:581,0
DA:584,0
DA:585,0
DA:586,0
DA:587,0
DA:588,0
DA:589,0
DA:590,0
DA:593,0
DA:594,0
DA:595,0
DA:596,0
DA:597,0
DA:598,0
DA:599,0
DA:600,0
DA:603,0
DA:604,0
DA:605,0
DA:606,0
DA:607,0
DA:608,0
DA:609,0
DA:612,0
DA:613,0
DA:614,0
DA:615,0
DA:616,0
DA:617,0
DA:618,0
DA:619,0
DA:620,0
DA:623,0
DA:634,0
DA:635,0
DA:636,0
DA:639,0
LF:173
LH:0
BRDA:97,0,0,0
BRDA:97,0,1,0
BRDA:97,1,0,0
BRDA:97,1,1,0
BRDA:97,1,2,0
BRDA:178,2,0,0
BRDA:178,2,1,0
BRDA:197,3,0,0
BRDA:197,3,1,0
BRDA:197,4,0,0
BRDA:197,4,1,0
BRDA:197,5,0,0
BRDA:197,5,1,0
BRDA:227,6,0,0
BRDA:227,6,1,0
BRDA:229,7,0,0
BRDA:229,7,1,0
BRDA:230,8,0,0
BRDA:230,8,1,0
BRDA:231,9,0,0
BRDA:231,9,1,0
BRDA:231,10,0,0
BRDA:231,10,1,0
BRDA:264,11,0,0
BRDA:264,11,1,0
BRDA:330,12,0,0
BRDA:330,12,1,0
BRDA:337,13,0,0
BRDA:337,13,1,0
BRDA:342,14,0,0
BRDA:342,14,1,0
BRDA:352,15,0,0
BRDA:352,15,1,0
BRDA:390,16,0,0
BRDA:390,16,1,0
BRDA:391,17,0,0
BRDA:391,17,1,0
BRDA:403,18,0,0
BRDA:403,18,1,0
BRDA:407,19,0,0
BRDA:407,19,1,0
BRDA:412,20,0,0
BRDA:412,20,1,0
BRDA:423,21,0,0
BRDA:423,21,1,0
BRDA:423,22,0,0
BRDA:423,22,1,0
BRDA:436,23,0,0
BRDA:436,23,1,0
BRDA:437,24,0,0
BRDA:437,24,1,0
BRDA:485,25,0,0
BRDA:485,25,1,0
BRDA:496,26,0,0
BRDA:496,26,1,0
BRDA:498,27,0,0
BRDA:498,27,1,0
BRDA:504,28,0,0
BRDA:504,28,1,0
BRDA:504,29,0,0
BRDA:504,29,1,0
BRDA:504,30,0,0
BRDA:504,30,1,0
BRDA:504,31,0,0
BRDA:504,31,1,0
BRDA:504,32,0,0
BRDA:504,32,1,0
BRDA:511,33,0,0
BRDA:511,33,1,0
BRDA:511,34,0,0
BRDA:511,34,1,0
BRDA:513,35,0,0
BRDA:513,35,1,0
BRDA:527,36,0,0
BRDA:527,36,1,0
BRDA:536,37,0,0
BRDA:536,37,1,0
BRDA:536,38,0,0
BRDA:536,38,1,0
BRDA:542,39,0,0
BRDA:542,39,1,0
BRDA:543,40,0,0
BRDA:543,40,1,0
BRDA:549,41,0,0
BRDA:549,41,1,0
BRDA:558,42,0,0
BRDA:558,42,1,0
BRDA:558,43,0,0
BRDA:558,43,1,0
BRDA:560,44,0,0
BRDA:560,44,1,0
BRDA:569,45,0,0
BRDA:569,45,1,0
BRDA:569,46,0,0
BRDA:569,46,1,0
BRDA:569,47,0,0
BRDA:569,47,1,0
BRDA:569,48,0,0
BRDA:569,48,1,0
BRDA:569,49,0,0
BRDA:569,49,1,0
BRDA:578,50,0,0
BRDA:578,50,1,0
BRDA:578,51,0,0
BRDA:578,51,1,0
BRDA:589,52,0,0
BRDA:589,52,1,0
BRDA:594,53,0,0
BRDA:594,53,1,0
BRDA:641,54,0,0
BRDA:641,54,1,0
BRDA:656,55,0,0
BRDA:656,55,1,0
BRDA:657,56,0,0
BRDA:657,56,1,0
BRDA:667,57,0,0
BRDA:667,57,1,0
BRDA:670,58,0,0
BRDA:670,58,1,0
BRDA:679,59,0,0
BRDA:679,59,1,0
BRDA:682,60,0,0
BRDA:682,60,1,0
BRF:123
BRH:0
end_of_record
TN:
SF:src/pages/agent/AgentDashboard.tsx
FN:34,(anonymous_0)
FN:68,(anonymous_1)
FN:82,(anonymous_2)
FN:95,(anonymous_3)
FN:108,(anonymous_4)
FN:121,(anonymous_5)
FN:134,(anonymous_6)
FN:147,(anonymous_7)
FN:161,(anonymous_8)
FN:165,(anonymous_9)
FN:181,(anonymous_10)
FN:196,(anonymous_11)
FN:206,(anonymous_12)
FN:217,(anonymous_13)
FN:243,(anonymous_14)
FN:245,(anonymous_15)
FN:260,(anonymous_16)
FN:275,(anonymous_17)
FN:284,(anonymous_18)
FN:284,(anonymous_19)
FN:293,(anonymous_20)
FN:340,(anonymous_21)
FN:345,(anonymous_22)
FN:345,(anonymous_23)
FN:354,(anonymous_24)
FN:363,(anonymous_25)
FN:391,(anonymous_26)
FN:428,(anonymous_27)
FN:436,(anonymous_28)
FN:468,(anonymous_29)
FN:508,(anonymous_30)
FN:508,(anonymous_31)
FN:515,(anonymous_32)
FN:515,(anonymous_33)
FN:525,(anonymous_34)
FN:525,(anonymous_35)
FN:532,(anonymous_36)
FN:532,(anonymous_37)
FN:557,(anonymous_38)
FN:600,(anonymous_39)
FN:617,(anonymous_40)
FN:638,(anonymous_41)
FN:646,(anonymous_42)
FN:679,(anonymous_43)
FN:697,(anonymous_44)
FN:705,(anonymous_45)
FN:728,(anonymous_46)
FN:739,(anonymous_47)
FN:758,(anonymous_48)
FN:758,(anonymous_49)
FN:769,(anonymous_50)
FN:769,(anonymous_51)
FN:776,(anonymous_52)
FN:776,(anonymous_53)
FN:784,(anonymous_54)
FN:784,(anonymous_55)
FN:809,(anonymous_56)
FN:822,(anonymous_57)
FN:857,(anonymous_58)
FN:862,(anonymous_59)
FN:872,(anonymous_60)
FN:879,(anonymous_61)
FN:886,(anonymous_62)
FN:893,(anonymous_63)
FN:905,(anonymous_64)
FNF:65
FNH:0
FNDA:0,(anonymous_0)
FNDA:0,(anonymous_1)
FNDA:0,(anonymous_2)
FNDA:0,(anonymous_3)
FNDA:0,(anonymous_4)
FNDA:0,(anonymous_5)
FNDA:0,(anonymous_6)
FNDA:0,(anonymous_7)
FNDA:0,(anonymous_8)
FNDA:0,(anonymous_9)
FNDA:0,(anonymous_10)
FNDA:0,(anonymous_11)
FNDA:0,(anonymous_12)
FNDA:0,(anonymous_13)
FNDA:0,(anonymous_14)
FNDA:0,(anonymous_15)
FNDA:0,(anonymous_16)
FNDA:0,(anonymous_17)
FNDA:0,(anonymous_18)
FNDA:0,(anonymous_19)
FNDA:0,(anonymous_20)
FNDA:0,(anonymous_21)
FNDA:0,(anonymous_22)
FNDA:0,(anonymous_23)
FNDA:0,(anonymous_24)
FNDA:0,(anonymous_25)
FNDA:0,(anonymous_26)
FNDA:0,(anonymous_27)
FNDA:0,(anonymous_28)
FNDA:0,(anonymous_29)
FNDA:0,(anonymous_30)
FNDA:0,(anonymous_31)
FNDA:0,(anonymous_32)
FNDA:0,(anonymous_33)
FNDA:0,(anonymous_34)
FNDA:0,(anonymous_35)
FNDA:0,(anonymous_36)
FNDA:0,(anonymous_37)
FNDA:0,(anonymous_38)
FNDA:0,(anonymous_39)
FNDA:0,(anonymous_40)
FNDA:0,(anonymous_41)
FNDA:0,(anonymous_42)
FNDA:0,(anonymous_43)
FNDA:0,(anonymous_44)
FNDA:0,(anonymous_45)
FNDA:0,(anonymous_46)
FNDA:0,(anonymous_47)
FNDA:0,(anonymous_48)
FNDA:0,(anonymous_49)
FNDA:0,(anonymous_50)
FNDA:0,(anonymous_51)
FNDA:0,(anonymous_52)
FNDA:0,(anonymous_53)
FNDA:0,(anonymous_54)
FNDA:0,(anonymous_55)
FNDA:0,(anonymous_56)
FNDA:0,(anonymous_57)
FNDA:0,(anonymous_58)
FNDA:0,(anonymous_59)
FNDA:0,(anonymous_60)
FNDA:0,(anonymous_61)
FNDA:0,(anonymous_62)
FNDA:0,(anonymous_63)
FNDA:0,(anonymous_64)
DA:34,0
DA:35,0
DA:38,0
DA:39,0
DA:40,0
DA:43,0
DA:44,0
DA:45,0
DA:46,0
DA:47,0
DA:48,0
DA:49,0
DA:50,0
DA:52,0
DA:53,0
DA:60,0
DA:61,0
DA:68,0
DA:69,0
DA:70,0
DA:71,0
DA:72,0
DA:73,0
DA:76,0
DA:78,0
DA:82,0
DA:83,0
DA:84,0
DA:85,0
DA:86,0
DA:87,0
DA:89,0
DA:91,0
DA:95,0
DA:96,0
DA:97,0
DA:99,0
DA:100,0
DA:102,0
DA:104,0
DA:108,0
DA:109,0
DA:110,0
DA:111,0
DA:112,0
DA:113,0
DA:115,0
DA:117,0
DA:121,0
DA:122,0
DA:123,0
DA:124,0
DA:125,0
DA:126,0
DA:128,0
DA:130,0
DA:134,0
DA:135,0
DA:136,0
DA:137,0
DA:138,0
DA:139,0
DA:141,0
DA:143,0
DA:147,0
DA:148,0
DA:149,0
DA:150,0
DA:151,0
DA:152,0
DA:153,0
DA:155,0
DA:157,0
DA:161,0
DA:162,0
DA:165,0
DA:166,0
DA:167,0
DA:168,0
DA:171,0
DA:172,0
DA:173,0
DA:174,0
DA:175,0
DA:177,0
DA:178,0
DA:181,0
DA:182,0
DA:183,0
DA:184,0
DA:185,0
DA:186,0
DA:188,0
DA:190,0
DA:192,0
DA:196,0
DA:197,0
DA:198,0
DA:199,0
DA:200,0
DA:202,0
DA:206,0
DA:207,0
DA:208,0
DA:209,0
DA:210,0
DA:211,0
DA:213,0
DA:217,0
DA:218,0
DA:219,0
DA:220,0
DA:221,0
DA:222,0
DA:224,0
DA:225,0
DA:226,0
DA:233,0
DA:234,0
DA:235,0
DA:237,0
DA:239,0
DA:243,0
DA:245,0
DA:246,0
DA:247,0
DA:248,0
DA:249,0
DA:250,0
DA:251,0
DA:252,0
DA:254,0
DA:256,0
DA:260,0
DA:261,0
DA:262,0
DA:263,0
DA:264,0
DA:265,0
DA:266,0
DA:267,0
DA:269,0
DA:271,0
DA:275,0
DA:276,0
DA:277,0
DA:278,0
DA:279,0
DA:284,0
DA:285,0
DA:287,0
DA:289,0
DA:293,0
DA:294,0
DA:295,0
DA:296,0
DA:297,0
DA:298,0
DA:299,0
DA:303,0
DA:304,0
DA:305,0
DA:306,0
DA:307,0
DA:309,0
DA:311,0
DA:312,0
DA:315,0
DA:316,0
DA:317,0
DA:318,0
DA:319,0
DA:322,0
DA:323,0
DA:324,0
DA:330,0
DA:331,0
DA:332,0
DA:334,0
DA:336,0
DA:340,0
DA:341,0
DA:342,0
DA:343,0
DA:344,0
DA:345,0
DA:346,0
DA:348,0
DA:350,0
DA:354,0
DA:355,0
DA:357,0
DA:363,0
DA:392,0
DA:422,0
DA:428,0
DA:437,0
DA:438,0
DA:469,0
DA:508,0
DA:515,0
DA:525,0
DA:532,0
DA:558,0
DA:586,0
DA:600,0
DA:618,0
DA:638,0
DA:646,0
DA:669,0
DA:680,0
DA:697,0
DA:705,0
DA:721,0
DA:728,0
DA:739,0
DA:758,0
DA:769,0
DA:776,0
DA:784,0
DA:810,0
DA:822,0
DA:841,0
DA:845,0
DA:857,0
DA:863,0
DA:872,0
DA:879,0
DA:886,0
DA:893,0
DA:905,0
LF:231
LH:0
BRDA:72,0,0,0
BRDA:72,0,1,0
BRDA:72,1,0,0
BRDA:72,1,1,0
BRDA:83,2,0,0
BRDA:83,2,1,0
BRDA:109,3,0,0
BRDA:109,3,1,0
BRDA:122,4,0,0
BRDA:122,4,1,0
BRDA:135,5,0,0
BRDA:135,5,1,0
BRDA:148,6,0,0
BRDA:148,6,1,0
BRDA:151,7,0,0
BRDA:151,7,1,0
BRDA:166,8,0,0
BRDA:166,8,1,0
BRDA:171,9,0,0
BRDA:171,9,1,0
BRDA:172,10,0,0
BRDA:172,10,1,0
BRDA:173,11,0,0
BRDA:173,11,1,0
BRDA:177,12,0,0
BRDA:177,12,1,0
BRDA:178,13,0,0
BRDA:178,13,1,0
BRDA:185,14,0,0
BRDA:185,14,1,0
BRDA:185,15,0,0
BRDA:185,15,1,0
BRDA:207,16,0,0
BRDA:207,16,1,0
BRDA:219,17,0,0
BRDA:219,17,1,0
BRDA:220,18,0,0
BRDA:220,18,1,0
BRDA:220,19,0,0
BRDA:220,19,1,0
BRDA:220,19,2,0
BRDA:246,20,0,0
BRDA:246,20,1,0
BRDA:261,21,0,0
BRDA:261,21,1,0
BRDA:276,22,0,0
BRDA:276,22,1,0
BRDA:295,23,0,0
BRDA:295,23,1,0
BRDA:297,24,0,0
BRDA:297,24,1,0
BRDA:305,25,0,0
BRDA:305,25,1,0
BRDA:305,26,0,0
BRDA:305,26,1,0
BRDA:305,26,2,0
BRDA:316,27,0,0
BRDA:316,27,1,0
BRDA:317,28,0,0
BRDA:317,28,1,0
BRDA:317,29,0,0
BRDA:317,29,1,0
BRDA:317,29,2,0
BRDA:341,30,0,0
BRDA:341,30,1,0
BRDA:355,31,0,0
BRDA:355,31,1,0
BRDA:355,31,2,0
BRDA:355,31,3,0
BRDA:355,31,4,0
BRDA:355,31,5,0
BRDA:365,32,0,0
BRDA:365,32,1,0
BRDA:373,33,0,0
BRDA:373,33,1,0
BRDA:396,34,0,0
BRDA:396,34,1,0
BRDA:397,35,0,0
BRDA:397,35,1,0
BRDA:398,36,0,0
BRDA:398,36,1,0
BRDA:404,37,0,0
BRDA:404,37,1,0
BRDA:407,38,0,0
BRDA:407,38,1,0
BRDA:407,39,0,0
BRDA:407,39,1,0
BRDA:430,40,0,0
BRDA:430,40,1,0
BRDA:441,41,0,0
BRDA:441,41,1,0
BRDA:451,42,0,0
BRDA:451,42,1,0
BRDA:474,43,0,0
BRDA:474,43,1,0
BRDA:474,44,0,0
BRDA:474,44,1,0
BRDA:543,45,0,0
BRDA:543,45,1,0
BRDA:550,46,0,0
BRDA:550,46,1,0
BRDA:563,47,0,0
BRDA:563,47,1,0
BRDA:563,48,0,0
BRDA:563,48,1,0
BRDA:571,49,0,0
BRDA:571,49,1,0
BRDA:573,50,0,0
BRDA:573,50,1,0
BRDA:574,51,0,0
BRDA:574,51,1,0
BRDA:594,52,0,0
BRDA:594,52,1,0
BRDA:602,53,0,0
BRDA:602,53,1,0
BRDA:610,54,0,0
BRDA:610,54,1,0
BRDA:624,55,0,0
BRDA:624,55,1,0
BRDA:624,56,0,0
BRDA:624,56,1,0
BRDA:633,57,0,0
BRDA:633,57,1,0
BRDA:640,58,0,0
BRDA:640,58,1,0
BRDA:648,59,0,0
BRDA:648,59,1,0
BRDA:656,60,0,0
BRDA:656,60,1,0
BRDA:656,60,2,0
BRDA:672,61,0,0
BRDA:672,61,1,0
BRDA:699,62,0,0
BRDA:699,62,1,0
BRDA:707,63,0,0
BRDA:707,63,1,0
BRDA:741,64,0,0
BRDA:741,64,1,0
BRDA:795,65,0,0
BRDA:795,65,1,0
BRDA:802,66,0,0
BRDA:802,66,1,0
BRDA:824,67,0,0
BRDA:824,67,1,0
BRDA:853,68,0,0
BRDA:853,68,1,0
BRDA:874,69,0,0
BRDA:874,69,1,0
BRDA:881,70,0,0
BRDA:881,70,1,0
BRDA:888,71,0,0
BRDA:888,71,1,0
BRDA:895,72,0,0
BRDA:895,72,1,0
BRDA:898,73,0,0
BRDA:898,73,1,0
BRDA:907,74,0,0
BRDA:907,74,1,0
BRDA:914,75,0,0
BRDA:914,75,1,0
BRF:160
BRH:0
end_of_record
TN:
SF:src/stores/authStore.ts
FN:35,(anonymous_0)
FN:42,(anonymous_1)
FN:51,(anonymous_2)
FN:67,(anonymous_3)
FN:72,(anonymous_4)
FN:77,(anonymous_5)
FN:81,(anonymous_6)
FN:82,(anonymous_7)
FN:83,(anonymous_8)
FN:84,(anonymous_9)
FN:88,(anonymous_10)
FNF:11
FNH:7
FNDA:1,(anonymous_0)
FNDA:2,(anonymous_1)
FNDA:0,(anonymous_2)
FNDA:1,(anonymous_3)
FNDA:1,(anonymous_4)
FNDA:0,(anonymous_5)
FNDA:0,(anonymous_6)
FNDA:0,(anonymous_7)
FNDA:1,(anonymous_8)
FNDA:1,(anonymous_9)
FNDA:15,(anonymous_10)
DA:31,1
DA:33,1
DA:35,1
DA:43,2
DA:44,2
DA:45,2
DA:50,2
DA:51,1
DA:52,1
DA:54,1
DA:55,1
DA:56,2
DA:57,2
DA:58,1
DA:59,1
DA:61,1
DA:62,1
DA:63,1
DA:68,1
DA:69,1
DA:73,1
DA:74,1
DA:78,0
DA:79,0
DA:81,0
DA:82,0
DA:83,1
DA:84,1
DA:88,15
LF:29
LH:25
BRDA:31,0,0,1
BRDA:31,0,1,1
BRDA:50,1,0,1
BRDA:50,1,1,1
BRDA:52,2,0,1
BRDA:52,2,1,0
BRDA:55,3,0,1
BRDA:55,3,1,0
BRDA:56,4,0,2
BRDA:56,4,1,0
BRDA:57,5,0,0
BRDA:57,5,1,2
BRDA:61,6,0,1
BRDA:61,6,1,0
BRF:14
BRH:9
end_of_record
TN:
SF:src/stores/themeStore.ts
FN:16,(anonymous_0)
FN:22,(anonymous_1)
FN:31,(anonymous_2)
FN:35,(anonymous_3)
FN:40,(anonymous_4)
FN:54,(anonymous_5)
FN:55,(anonymous_6)
FN:58,(anonymous_7)
FN:64,(anonymous_8)
FN:73,(anonymous_9)
FN:89,(anonymous_10)
FN:104,(anonymous_11)
FNF:12
FNH:0
FNDA:0,(anonymous_0)
FNDA:0,(anonymous_1)
FNDA:0,(anonymous_2)
FNDA:0,(anonymous_3)
FNDA:0,(anonymous_4)
FNDA:0,(anonymous_5)
FNDA:0,(anonymous_6)
FNDA:0,(anonymous_7)
FNDA:0,(anonymous_8)
FNDA:0,(anonymous_9)
FNDA:0,(anonymous_10)
FNDA:0,(anonymous_11)
DA:16,0
DA:17,0
DA:18,0
DA:22,0
DA:23,0
DA:24,0
DA:26,0
DA:29,0
DA:31,0
DA:36,0
DA:37,0
DA:41,0
DA:44,0
DA:45,0
DA:47,0
DA:50,0
DA:51,0
DA:55,0
DA:59,0
DA:64,0
DA:73,0
DA:74,0
DA:76,0
DA:79,0
DA:80,0
DA:81,0
DA:86,0
DA:87,0
DA:89,0
DA:90,0
DA:91,0
DA:92,0
DA:96,0
DA:99,0
DA:100,0
DA:104,0
DA:105,0
DA:106,0
LF:38
LH:0
BRDA:17,0,0,0
BRDA:17,0,1,0
BRDA:18,1,0,0
BRDA:18,1,1,0
BRDA:23,2,0,0
BRDA:23,2,1,0
BRDA:44,3,0,0
BRDA:44,3,1,0
BRDA:45,4,0,0
BRDA:45,4,1,0
BRDA:47,5,0,0
BRDA:47,5,1,0
BRDA:74,6,0,0
BRDA:74,6,1,0
BRDA:80,7,0,0
BRDA:80,7,1,0
BRDA:81,8,0,0
BRDA:81,8,1,0
BRDA:86,9,0,0
BRDA:86,9,1,0
BRDA:91,10,0,0
BRDA:91,10,1,0
BRF:22
BRH:0
end_of_record
